[0.134s] DEBUG:colcon:Command line arguments: ['/usr/bin/colcon', 'build']
[0.134s] DEBUG:colcon:Parsed command line arguments: Namespace(log_base=None, log_level=None, verb_name='build', build_base='build', install_base='install', merge_install=False, symlink_install=False, test_result_base=None, continue_on_error=False, executor='parallel', parallel_workers=16, event_handlers=None, ignore_user_meta=False, metas=['./colcon.meta'], base_paths=['.'], packages_ignore=None, packages_ignore_regex=None, paths=None, packages_up_to=None, packages_up_to_regex=None, packages_above=None, packages_above_and_dependencies=None, packages_above_depth=None, packages_select_by_dep=None, packages_skip_by_dep=None, packages_skip_up_to=None, packages_select_build_failed=False, packages_skip_build_finished=False, packages_select_test_failures=False, packages_skip_test_passed=False, packages_select=None, packages_skip=None, packages_select_regex=None, packages_skip_regex=None, packages_start=None, packages_end=None, allow_overriding=[], cmake_args=None, cmake_target=None, cmake_target_skip_unavailable=False, cmake_clean_cache=False, cmake_clean_first=False, cmake_force_configure=False, ament_cmake_args=None, catkin_cmake_args=None, catkin_skip_building_tests=False, mixin_files=None, mixin=None, verb_parser=<colcon_mixin.mixin.mixin_argument.MixinArgumentDecorator object at 0x716ddfa89850>, verb_extension=<colcon_core.verb.build.BuildVerb object at 0x716ddfbd1550>, main=<bound method BuildVerb.main of <colcon_core.verb.build.BuildVerb object at 0x716ddfbd1550>>, mixin_verb=('build',))
[0.181s] Level 1:colcon.colcon_core.package_discovery:discover_packages(colcon_meta) check parameters
[0.181s] Level 1:colcon.colcon_core.package_discovery:discover_packages(recursive) check parameters
[0.181s] Level 1:colcon.colcon_core.package_discovery:discover_packages(ignore) check parameters
[0.181s] Level 1:colcon.colcon_core.package_discovery:discover_packages(path) check parameters
[0.181s] Level 1:colcon.colcon_core.package_discovery:discover_packages(colcon_meta) discover
[0.181s] Level 1:colcon.colcon_core.package_discovery:discover_packages(recursive) discover
[0.181s] INFO:colcon.colcon_core.package_discovery:Crawling recursively for packages in '/home/tracy/Quadruped-Robot/quadruped_smc_ros2'
[0.181s] Level 1:colcon.colcon_core.package_identification:_identify(.) by extensions ['ignore', 'ignore_ament_install']
[0.181s] Level 1:colcon.colcon_core.package_identification:_identify(.) by extension 'ignore'
[0.181s] Level 1:colcon.colcon_core.package_identification:_identify(.) by extension 'ignore_ament_install'
[0.181s] Level 1:colcon.colcon_core.package_identification:_identify(.) by extensions ['colcon_pkg']
[0.181s] Level 1:colcon.colcon_core.package_identification:_identify(.) by extension 'colcon_pkg'
[0.181s] Level 1:colcon.colcon_core.package_identification:_identify(.) by extensions ['colcon_meta']
[0.181s] Level 1:colcon.colcon_core.package_identification:_identify(.) by extension 'colcon_meta'
[0.181s] Level 1:colcon.colcon_core.package_identification:_identify(.) by extensions ['ros']
[0.182s] Level 1:colcon.colcon_core.package_identification:_identify(.) by extension 'ros'
[0.207s] DEBUG:colcon.colcon_core.package_identification:Package '.' with type 'ros.ament_cmake' and name 'quadruped_smc_ros2'
[0.207s] Level 1:colcon.colcon_core.package_discovery:discover_packages(recursive) using defaults
[0.207s] Level 1:colcon.colcon_core.package_discovery:discover_packages(ignore) discover
[0.207s] Level 1:colcon.colcon_core.package_discovery:discover_packages(ignore) using defaults
[0.207s] Level 1:colcon.colcon_core.package_discovery:discover_packages(path) discover
[0.207s] Level 1:colcon.colcon_core.package_discovery:discover_packages(path) using defaults
[0.227s] Level 1:colcon.colcon_core.package_discovery:discover_packages(prefix_path) check parameters
[0.228s] Level 1:colcon.colcon_core.package_discovery:discover_packages(prefix_path) discover
[0.230s] DEBUG:colcon.colcon_installed_package_information.package_discovery:Found 1 installed packages in /home/tracy/Quadruped-Robot/quadruped_smc_ros2/install
[0.231s] DEBUG:colcon.colcon_installed_package_information.package_discovery:Found 7 installed packages in /home/tracy/ros2_ws/install
[0.233s] DEBUG:colcon.colcon_installed_package_information.package_discovery:Found 505 installed packages in /opt/ros/jazzy
[0.235s] Level 1:colcon.colcon_core.package_discovery:discover_packages(prefix_path) using defaults
[0.330s] Level 5:colcon.colcon_core.verb:set package 'quadruped_smc_ros2' build argument 'cmake_args' from command line to 'None'
[0.330s] Level 5:colcon.colcon_core.verb:set package 'quadruped_smc_ros2' build argument 'cmake_target' from command line to 'None'
[0.330s] Level 5:colcon.colcon_core.verb:set package 'quadruped_smc_ros2' build argument 'cmake_target_skip_unavailable' from command line to 'False'
[0.330s] Level 5:colcon.colcon_core.verb:set package 'quadruped_smc_ros2' build argument 'cmake_clean_cache' from command line to 'False'
[0.330s] Level 5:colcon.colcon_core.verb:set package 'quadruped_smc_ros2' build argument 'cmake_clean_first' from command line to 'False'
[0.330s] Level 5:colcon.colcon_core.verb:set package 'quadruped_smc_ros2' build argument 'cmake_force_configure' from command line to 'False'
[0.330s] Level 5:colcon.colcon_core.verb:set package 'quadruped_smc_ros2' build argument 'ament_cmake_args' from command line to 'None'
[0.330s] Level 5:colcon.colcon_core.verb:set package 'quadruped_smc_ros2' build argument 'catkin_cmake_args' from command line to 'None'
[0.330s] Level 5:colcon.colcon_core.verb:set package 'quadruped_smc_ros2' build argument 'catkin_skip_building_tests' from command line to 'False'
[0.330s] DEBUG:colcon.colcon_core.verb:Building package 'quadruped_smc_ros2' with the following arguments: {'ament_cmake_args': None, 'build_base': '/home/tracy/Quadruped-Robot/quadruped_smc_ros2/build/quadruped_smc_ros2', 'catkin_cmake_args': None, 'catkin_skip_building_tests': False, 'cmake_args': None, 'cmake_clean_cache': False, 'cmake_clean_first': False, 'cmake_force_configure': False, 'cmake_target': None, 'cmake_target_skip_unavailable': False, 'install_base': '/home/tracy/Quadruped-Robot/quadruped_smc_ros2/install/quadruped_smc_ros2', 'merge_install': False, 'path': '/home/tracy/Quadruped-Robot/quadruped_smc_ros2', 'symlink_install': False, 'test_result_base': None}
[0.330s] INFO:colcon.colcon_core.executor:Executing jobs using 'parallel' executor
[0.331s] DEBUG:colcon.colcon_parallel_executor.executor.parallel:run_until_complete
[0.331s] INFO:colcon.colcon_ros.task.ament_cmake.build:Building ROS package in '/home/tracy/Quadruped-Robot/quadruped_smc_ros2' with build type 'ament_cmake'
[0.331s] INFO:colcon.colcon_cmake.task.cmake.build:Building CMake package in '/home/tracy/Quadruped-Robot/quadruped_smc_ros2'
[0.335s] INFO:colcon.colcon_core.plugin_system:Skipping extension 'colcon_core.shell.bat': Not used on non-Windows systems
[0.335s] INFO:colcon.colcon_core.shell:Skip shell extension 'powershell' for command environment: Not usable outside of PowerShell
[0.336s] DEBUG:colcon.colcon_core.shell:Skip shell extension 'dsv' for command environment
[0.346s] DEBUG:colcon.colcon_core.event_handler.log_command:Invoking command in '/home/tracy/Quadruped-Robot/quadruped_smc_ros2/build/quadruped_smc_ros2': CMAKE_PREFIX_PATH=${CMAKE_PREFIX_PATH}:/opt/ros/jazzy DEBUGINFOD_URLS=https://debuginfod.ubuntu.com /usr/bin/cmake --build /home/tracy/Quadruped-Robot/quadruped_smc_ros2/build/quadruped_smc_ros2 -- -j16 -l16
[10.593s] DEBUG:colcon.colcon_core.event_handler.log_command:Invoked command in '/home/tracy/Quadruped-Robot/quadruped_smc_ros2/build/quadruped_smc_ros2' returned '0': CMAKE_PREFIX_PATH=${CMAKE_PREFIX_PATH}:/opt/ros/jazzy DEBUGINFOD_URLS=https://debuginfod.ubuntu.com /usr/bin/cmake --build /home/tracy/Quadruped-Robot/quadruped_smc_ros2/build/quadruped_smc_ros2 -- -j16 -l16
[10.606s] DEBUG:colcon.colcon_core.event_handler.log_command:Invoking command in '/home/tracy/Quadruped-Robot/quadruped_smc_ros2/build/quadruped_smc_ros2': CMAKE_PREFIX_PATH=${CMAKE_PREFIX_PATH}:/opt/ros/jazzy DEBUGINFOD_URLS=https://debuginfod.ubuntu.com /usr/bin/cmake --install /home/tracy/Quadruped-Robot/quadruped_smc_ros2/build/quadruped_smc_ros2
[10.636s] Level 1:colcon.colcon_core.environment:create_environment_scripts_only(quadruped_smc_ros2)
[10.639s] DEBUG:colcon.colcon_core.event_handler.log_command:Invoked command in '/home/tracy/Quadruped-Robot/quadruped_smc_ros2/build/quadruped_smc_ros2' returned '0': CMAKE_PREFIX_PATH=${CMAKE_PREFIX_PATH}:/opt/ros/jazzy DEBUGINFOD_URLS=https://debuginfod.ubuntu.com /usr/bin/cmake --install /home/tracy/Quadruped-Robot/quadruped_smc_ros2/build/quadruped_smc_ros2
[10.644s] Level 1:colcon.colcon_core.environment:checking '/home/tracy/Quadruped-Robot/quadruped_smc_ros2/install/quadruped_smc_ros2' for CMake module files
[10.644s] Level 1:colcon.colcon_core.environment:checking '/home/tracy/Quadruped-Robot/quadruped_smc_ros2/install/quadruped_smc_ros2' for CMake config files
[10.646s] Level 1:colcon.colcon_core.shell:create_environment_hook('quadruped_smc_ros2', 'cmake_prefix_path')
[10.646s] INFO:colcon.colcon_core.shell:Creating environment hook '/home/tracy/Quadruped-Robot/quadruped_smc_ros2/install/quadruped_smc_ros2/share/quadruped_smc_ros2/hook/cmake_prefix_path.ps1'
[10.647s] INFO:colcon.colcon_core.shell:Creating environment descriptor '/home/tracy/Quadruped-Robot/quadruped_smc_ros2/install/quadruped_smc_ros2/share/quadruped_smc_ros2/hook/cmake_prefix_path.dsv'
[10.647s] INFO:colcon.colcon_core.shell:Creating environment hook '/home/tracy/Quadruped-Robot/quadruped_smc_ros2/install/quadruped_smc_ros2/share/quadruped_smc_ros2/hook/cmake_prefix_path.sh'
[10.648s] Level 1:colcon.colcon_core.environment:checking '/home/tracy/Quadruped-Robot/quadruped_smc_ros2/install/quadruped_smc_ros2/lib'
[10.648s] Level 1:colcon.colcon_core.shell:create_environment_hook('quadruped_smc_ros2', 'ld_library_path_lib')
[10.648s] INFO:colcon.colcon_core.shell:Creating environment hook '/home/tracy/Quadruped-Robot/quadruped_smc_ros2/install/quadruped_smc_ros2/share/quadruped_smc_ros2/hook/ld_library_path_lib.ps1'
[10.649s] INFO:colcon.colcon_core.shell:Creating environment descriptor '/home/tracy/Quadruped-Robot/quadruped_smc_ros2/install/quadruped_smc_ros2/share/quadruped_smc_ros2/hook/ld_library_path_lib.dsv'
[10.649s] INFO:colcon.colcon_core.shell:Creating environment hook '/home/tracy/Quadruped-Robot/quadruped_smc_ros2/install/quadruped_smc_ros2/share/quadruped_smc_ros2/hook/ld_library_path_lib.sh'
[10.649s] Level 1:colcon.colcon_core.environment:checking '/home/tracy/Quadruped-Robot/quadruped_smc_ros2/install/quadruped_smc_ros2/bin'
[10.649s] Level 1:colcon.colcon_core.environment:checking '/home/tracy/Quadruped-Robot/quadruped_smc_ros2/install/quadruped_smc_ros2/lib/pkgconfig/quadruped_smc_ros2.pc'
[10.649s] Level 1:colcon.colcon_core.environment:checking '/home/tracy/Quadruped-Robot/quadruped_smc_ros2/install/quadruped_smc_ros2/lib/python3.12/site-packages'
[10.650s] Level 1:colcon.colcon_core.environment:checking '/home/tracy/Quadruped-Robot/quadruped_smc_ros2/install/quadruped_smc_ros2/bin'
[10.650s] INFO:colcon.colcon_core.shell:Creating package script '/home/tracy/Quadruped-Robot/quadruped_smc_ros2/install/quadruped_smc_ros2/share/quadruped_smc_ros2/package.ps1'
[10.650s] INFO:colcon.colcon_core.shell:Creating package descriptor '/home/tracy/Quadruped-Robot/quadruped_smc_ros2/install/quadruped_smc_ros2/share/quadruped_smc_ros2/package.dsv'
[10.651s] INFO:colcon.colcon_core.shell:Creating package script '/home/tracy/Quadruped-Robot/quadruped_smc_ros2/install/quadruped_smc_ros2/share/quadruped_smc_ros2/package.sh'
[10.652s] INFO:colcon.colcon_core.shell:Creating package script '/home/tracy/Quadruped-Robot/quadruped_smc_ros2/install/quadruped_smc_ros2/share/quadruped_smc_ros2/package.bash'
[10.652s] INFO:colcon.colcon_core.shell:Creating package script '/home/tracy/Quadruped-Robot/quadruped_smc_ros2/install/quadruped_smc_ros2/share/quadruped_smc_ros2/package.zsh'
[10.653s] Level 1:colcon.colcon_core.environment:create_file_with_runtime_dependencies(/home/tracy/Quadruped-Robot/quadruped_smc_ros2/install/quadruped_smc_ros2/share/colcon-core/packages/quadruped_smc_ros2)
[10.653s] Level 1:colcon.colcon_core.environment:create_environment_scripts_only(quadruped_smc_ros2)
[10.654s] Level 1:colcon.colcon_core.environment:checking '/home/tracy/Quadruped-Robot/quadruped_smc_ros2/install/quadruped_smc_ros2' for CMake module files
[10.654s] Level 1:colcon.colcon_core.environment:checking '/home/tracy/Quadruped-Robot/quadruped_smc_ros2/install/quadruped_smc_ros2' for CMake config files
[10.654s] Level 1:colcon.colcon_core.shell:create_environment_hook('quadruped_smc_ros2', 'cmake_prefix_path')
[10.654s] INFO:colcon.colcon_core.shell:Creating environment hook '/home/tracy/Quadruped-Robot/quadruped_smc_ros2/install/quadruped_smc_ros2/share/quadruped_smc_ros2/hook/cmake_prefix_path.ps1'
[10.655s] INFO:colcon.colcon_core.shell:Creating environment descriptor '/home/tracy/Quadruped-Robot/quadruped_smc_ros2/install/quadruped_smc_ros2/share/quadruped_smc_ros2/hook/cmake_prefix_path.dsv'
[10.655s] INFO:colcon.colcon_core.shell:Creating environment hook '/home/tracy/Quadruped-Robot/quadruped_smc_ros2/install/quadruped_smc_ros2/share/quadruped_smc_ros2/hook/cmake_prefix_path.sh'
[10.655s] Level 1:colcon.colcon_core.environment:checking '/home/tracy/Quadruped-Robot/quadruped_smc_ros2/install/quadruped_smc_ros2/lib'
[10.656s] Level 1:colcon.colcon_core.shell:create_environment_hook('quadruped_smc_ros2', 'ld_library_path_lib')
[10.656s] INFO:colcon.colcon_core.shell:Creating environment hook '/home/tracy/Quadruped-Robot/quadruped_smc_ros2/install/quadruped_smc_ros2/share/quadruped_smc_ros2/hook/ld_library_path_lib.ps1'
[10.656s] INFO:colcon.colcon_core.shell:Creating environment descriptor '/home/tracy/Quadruped-Robot/quadruped_smc_ros2/install/quadruped_smc_ros2/share/quadruped_smc_ros2/hook/ld_library_path_lib.dsv'
[10.656s] INFO:colcon.colcon_core.shell:Creating environment hook '/home/tracy/Quadruped-Robot/quadruped_smc_ros2/install/quadruped_smc_ros2/share/quadruped_smc_ros2/hook/ld_library_path_lib.sh'
[10.657s] Level 1:colcon.colcon_core.environment:checking '/home/tracy/Quadruped-Robot/quadruped_smc_ros2/install/quadruped_smc_ros2/bin'
[10.657s] Level 1:colcon.colcon_core.environment:checking '/home/tracy/Quadruped-Robot/quadruped_smc_ros2/install/quadruped_smc_ros2/lib/pkgconfig/quadruped_smc_ros2.pc'
[10.657s] Level 1:colcon.colcon_core.environment:checking '/home/tracy/Quadruped-Robot/quadruped_smc_ros2/install/quadruped_smc_ros2/lib/python3.12/site-packages'
[10.657s] Level 1:colcon.colcon_core.environment:checking '/home/tracy/Quadruped-Robot/quadruped_smc_ros2/install/quadruped_smc_ros2/bin'
[10.657s] INFO:colcon.colcon_core.shell:Creating package script '/home/tracy/Quadruped-Robot/quadruped_smc_ros2/install/quadruped_smc_ros2/share/quadruped_smc_ros2/package.ps1'
[10.657s] INFO:colcon.colcon_core.shell:Creating package descriptor '/home/tracy/Quadruped-Robot/quadruped_smc_ros2/install/quadruped_smc_ros2/share/quadruped_smc_ros2/package.dsv'
[10.658s] INFO:colcon.colcon_core.shell:Creating package script '/home/tracy/Quadruped-Robot/quadruped_smc_ros2/install/quadruped_smc_ros2/share/quadruped_smc_ros2/package.sh'
[10.658s] INFO:colcon.colcon_core.shell:Creating package script '/home/tracy/Quadruped-Robot/quadruped_smc_ros2/install/quadruped_smc_ros2/share/quadruped_smc_ros2/package.bash'
[10.658s] INFO:colcon.colcon_core.shell:Creating package script '/home/tracy/Quadruped-Robot/quadruped_smc_ros2/install/quadruped_smc_ros2/share/quadruped_smc_ros2/package.zsh'
[10.659s] Level 1:colcon.colcon_core.environment:create_file_with_runtime_dependencies(/home/tracy/Quadruped-Robot/quadruped_smc_ros2/install/quadruped_smc_ros2/share/colcon-core/packages/quadruped_smc_ros2)
[10.659s] DEBUG:colcon.colcon_parallel_executor.executor.parallel:closing loop
[10.659s] DEBUG:colcon.colcon_parallel_executor.executor.parallel:loop closed
[10.659s] DEBUG:colcon.colcon_parallel_executor.executor.parallel:run_until_complete finished with '0'
[10.659s] DEBUG:colcon.colcon_core.event_reactor:joining thread
[10.670s] INFO:colcon.colcon_core.plugin_system:Skipping extension 'colcon_notification.desktop_notification.terminal_notifier': Not used on non-Darwin systems
[10.670s] INFO:colcon.colcon_core.plugin_system:Skipping extension 'colcon_notification.desktop_notification.win32': Not used on non-Windows systems
[10.670s] INFO:colcon.colcon_notification.desktop_notification:Sending desktop notification using 'notify2'
[10.688s] DEBUG:colcon.colcon_core.event_reactor:joined thread
[10.688s] INFO:colcon.colcon_core.shell:Creating prefix script '/home/tracy/Quadruped-Robot/quadruped_smc_ros2/install/local_setup.ps1'
[10.689s] INFO:colcon.colcon_core.shell:Creating prefix util module '/home/tracy/Quadruped-Robot/quadruped_smc_ros2/install/_local_setup_util_ps1.py'
[10.690s] INFO:colcon.colcon_core.shell:Creating prefix chain script '/home/tracy/Quadruped-Robot/quadruped_smc_ros2/install/setup.ps1'
[10.694s] INFO:colcon.colcon_core.shell:Creating prefix script '/home/tracy/Quadruped-Robot/quadruped_smc_ros2/install/local_setup.sh'
[10.694s] INFO:colcon.colcon_core.shell:Creating prefix util module '/home/tracy/Quadruped-Robot/quadruped_smc_ros2/install/_local_setup_util_sh.py'
[10.694s] INFO:colcon.colcon_core.shell:Creating prefix chain script '/home/tracy/Quadruped-Robot/quadruped_smc_ros2/install/setup.sh'
[10.696s] INFO:colcon.colcon_core.shell:Creating prefix script '/home/tracy/Quadruped-Robot/quadruped_smc_ros2/install/local_setup.bash'
[10.696s] INFO:colcon.colcon_core.shell:Creating prefix chain script '/home/tracy/Quadruped-Robot/quadruped_smc_ros2/install/setup.bash'
[10.697s] INFO:colcon.colcon_core.shell:Creating prefix script '/home/tracy/Quadruped-Robot/quadruped_smc_ros2/install/local_setup.zsh'
[10.698s] INFO:colcon.colcon_core.shell:Creating prefix chain script '/home/tracy/Quadruped-Robot/quadruped_smc_ros2/install/setup.zsh'
