[0.013s] Invoking command in '/home/tracy/Quadruped-Robot/quadruped_smc_ros2/build/quadruped_smc_ros2': CMAKE_PREFIX_PATH=${CMAKE_PREFIX_PATH}:/opt/ros/jazzy DEBUGINFOD_URLS=https://debuginfod.ubuntu.com /usr/bin/cmake --build /home/tracy/Quadruped-Robot/quadruped_smc_ros2/build/quadruped_smc_ros2 -- -j16 -l16
[0.127s] [ 66%] [32mBuilding CXX object CMakeFiles/error_monitor_node.dir/src/error_monitor_node.cpp.o[0m
[0.127s] [ 83%] Built target quadruped_smc_ros2
[0.128s] [ 83%] Built target gait_keyboard_node
[9.768s] [100%] [32m[1mLinking CXX executable error_monitor_node[0m
[9.946s] [100%] Built target error_monitor_node
[9.959s] Invoked command in '/home/tracy/Quadruped-Robot/quadruped_smc_ros2/build/quadruped_smc_ros2' returned '0': CMAKE_PREFIX_PATH=${CMAKE_PREFIX_PATH}:/opt/ros/jazzy DEBUGINFOD_URLS=https://debuginfod.ubuntu.com /usr/bin/cmake --build /home/tracy/Quadruped-Robot/quadruped_smc_ros2/build/quadruped_smc_ros2 -- -j16 -l16
[9.973s] Invoking command in '/home/tracy/Quadruped-Robot/quadruped_smc_ros2/build/quadruped_smc_ros2': CMAKE_PREFIX_PATH=${CMAKE_PREFIX_PATH}:/opt/ros/jazzy DEBUGINFOD_URLS=https://debuginfod.ubuntu.com /usr/bin/cmake --install /home/tracy/Quadruped-Robot/quadruped_smc_ros2/build/quadruped_smc_ros2
[10.003s] -- Install configuration: ""
[10.004s] -- Up-to-date: /home/tracy/Quadruped-Robot/quadruped_smc_ros2/install/quadruped_smc_ros2/share/quadruped_smc_ros2/plugin.xml
[10.004s] -- Up-to-date: /home/tracy/Quadruped-Robot/quadruped_smc_ros2/install/quadruped_smc_ros2/lib/libquadruped_smc_ros2.so
[10.004s] -- Up-to-date: /home/tracy/Quadruped-Robot/quadruped_smc_ros2/install/quadruped_smc_ros2/lib/quadruped_smc_ros2/gait_keyboard_node
[10.004s] -- Installing: /home/tracy/Quadruped-Robot/quadruped_smc_ros2/install/quadruped_smc_ros2/lib/quadruped_smc_ros2/error_monitor_node
[10.004s] -- Set non-toolchain portion of runtime path of "/home/tracy/Quadruped-Robot/quadruped_smc_ros2/install/quadruped_smc_ros2/lib/quadruped_smc_ros2/error_monitor_node" to ""
[10.004s] -- Up-to-date: /home/tracy/Quadruped-Robot/quadruped_smc_ros2/install/quadruped_smc_ros2/include
[10.004s] -- Up-to-date: /home/tracy/Quadruped-Robot/quadruped_smc_ros2/install/quadruped_smc_ros2/include/quadruped_smc_ros2
[10.004s] -- Up-to-date: /home/tracy/Quadruped-Robot/quadruped_smc_ros2/install/quadruped_smc_ros2/include/quadruped_smc_ros2/LegController2.hpp
[10.004s] -- Up-to-date: /home/tracy/Quadruped-Robot/quadruped_smc_ros2/install/quadruped_smc_ros2/include/quadruped_smc_ros2/quadruped_driver.hpp
[10.004s] -- Up-to-date: /home/tracy/Quadruped-Robot/quadruped_smc_ros2/install/quadruped_smc_ros2/include/quadruped_smc_ros2/GaitPlanner.hpp
[10.004s] -- Up-to-date: /home/tracy/Quadruped-Robot/quadruped_smc_ros2/install/quadruped_smc_ros2/share/quadruped_smc_ros2//launch
[10.004s] -- Up-to-date: /home/tracy/Quadruped-Robot/quadruped_smc_ros2/install/quadruped_smc_ros2/share/quadruped_smc_ros2//launch/robot_launch.py
[10.004s] -- Up-to-date: /home/tracy/Quadruped-Robot/quadruped_smc_ros2/install/quadruped_smc_ros2/share/quadruped_smc_ros2//config
[10.005s] -- Up-to-date: /home/tracy/Quadruped-Robot/quadruped_smc_ros2/install/quadruped_smc_ros2/share/quadruped_smc_ros2//config/smc_params.yaml
[10.005s] -- Up-to-date: /home/tracy/Quadruped-Robot/quadruped_smc_ros2/install/quadruped_smc_ros2/share/quadruped_smc_ros2//urdf
[10.005s] -- Up-to-date: /home/tracy/Quadruped-Robot/quadruped_smc_ros2/install/quadruped_smc_ros2/share/quadruped_smc_ros2//urdf/robot_description.urdf
[10.005s] -- Up-to-date: /home/tracy/Quadruped-Robot/quadruped_smc_ros2/install/quadruped_smc_ros2/share/quadruped_smc_ros2//resource
[10.005s] -- Up-to-date: /home/tracy/Quadruped-Robot/quadruped_smc_ros2/install/quadruped_smc_ros2/share/quadruped_smc_ros2//resource/robot_8dof.wbt
[10.005s] -- Installing: /home/tracy/Quadruped-Robot/quadruped_smc_ros2/install/quadruped_smc_ros2/share/quadruped_smc_ros2//resource/.robot_8dof.wbproj
[10.005s] -- Up-to-date: /home/tracy/Quadruped-Robot/quadruped_smc_ros2/install/quadruped_smc_ros2/share/quadruped_smc_ros2/plugin.xml
[10.006s] -- Up-to-date: /home/tracy/Quadruped-Robot/quadruped_smc_ros2/install/quadruped_smc_ros2/share/ament_index/resource_index/package_run_dependencies/quadruped_smc_ros2
[10.006s] -- Up-to-date: /home/tracy/Quadruped-Robot/quadruped_smc_ros2/install/quadruped_smc_ros2/share/ament_index/resource_index/parent_prefix_path/quadruped_smc_ros2
[10.006s] -- Up-to-date: /home/tracy/Quadruped-Robot/quadruped_smc_ros2/install/quadruped_smc_ros2/share/quadruped_smc_ros2/environment/ament_prefix_path.sh
[10.006s] -- Up-to-date: /home/tracy/Quadruped-Robot/quadruped_smc_ros2/install/quadruped_smc_ros2/share/quadruped_smc_ros2/environment/ament_prefix_path.dsv
[10.006s] -- Up-to-date: /home/tracy/Quadruped-Robot/quadruped_smc_ros2/install/quadruped_smc_ros2/share/quadruped_smc_ros2/environment/path.sh
[10.006s] -- Up-to-date: /home/tracy/Quadruped-Robot/quadruped_smc_ros2/install/quadruped_smc_ros2/share/quadruped_smc_ros2/environment/path.dsv
[10.006s] -- Up-to-date: /home/tracy/Quadruped-Robot/quadruped_smc_ros2/install/quadruped_smc_ros2/share/quadruped_smc_ros2/local_setup.bash
[10.007s] -- Up-to-date: /home/tracy/Quadruped-Robot/quadruped_smc_ros2/install/quadruped_smc_ros2/share/quadruped_smc_ros2/local_setup.sh
[10.007s] -- Up-to-date: /home/tracy/Quadruped-Robot/quadruped_smc_ros2/install/quadruped_smc_ros2/share/quadruped_smc_ros2/local_setup.zsh
[10.007s] -- Up-to-date: /home/tracy/Quadruped-Robot/quadruped_smc_ros2/install/quadruped_smc_ros2/share/quadruped_smc_ros2/local_setup.dsv
[10.007s] -- Installing: /home/tracy/Quadruped-Robot/quadruped_smc_ros2/install/quadruped_smc_ros2/share/quadruped_smc_ros2/package.dsv
[10.007s] -- Up-to-date: /home/tracy/Quadruped-Robot/quadruped_smc_ros2/install/quadruped_smc_ros2/share/ament_index/resource_index/packages/quadruped_smc_ros2
[10.007s] -- Up-to-date: /home/tracy/Quadruped-Robot/quadruped_smc_ros2/install/quadruped_smc_ros2/share/ament_index/resource_index/webots_ros2_driver__pluginlib__plugin/quadruped_smc_ros2
[10.008s] -- Up-to-date: /home/tracy/Quadruped-Robot/quadruped_smc_ros2/install/quadruped_smc_ros2/share/quadruped_smc_ros2/cmake/quadruped_smc_ros2Config.cmake
[10.008s] -- Up-to-date: /home/tracy/Quadruped-Robot/quadruped_smc_ros2/install/quadruped_smc_ros2/share/quadruped_smc_ros2/cmake/quadruped_smc_ros2Config-version.cmake
[10.008s] -- Up-to-date: /home/tracy/Quadruped-Robot/quadruped_smc_ros2/install/quadruped_smc_ros2/share/quadruped_smc_ros2/package.xml
[10.008s] Invoked command in '/home/tracy/Quadruped-Robot/quadruped_smc_ros2/build/quadruped_smc_ros2' returned '0': CMAKE_PREFIX_PATH=${CMAKE_PREFIX_PATH}:/opt/ros/jazzy DEBUGINFOD_URLS=https://debuginfod.ubuntu.com /usr/bin/cmake --install /home/tracy/Quadruped-Robot/quadruped_smc_ros2/build/quadruped_smc_ros2
