[0.011s] Invoking command in '/home/tracy/Quadruped-Robot/quadruped_smc_ros2/build/quadruped_smc_ros2': CMAKE_PREFIX_PATH=${CMAKE_PREFIX_PATH}:/opt/ros/jazzy DEBUGINFOD_URLS=https://debuginfod.ubuntu.com /usr/bin/cmake /home/tracy/Quadruped-Robot/quadruped_smc_ros2 -DCMAKE_INSTALL_PREFIX=/home/tracy/Quadruped-Robot/quadruped_smc_ros2/install/quadruped_smc_ros2
[0.142s] -- The C compiler identification is GNU 13.3.0
[0.234s] -- The CXX compiler identification is GNU 13.3.0
[0.254s] -- Detecting C compiler ABI info
[0.353s] -- Detecting C compiler ABI info - done
[0.361s] -- Check for working C compiler: /usr/bin/cc - skipped
[0.361s] -- Detecting C compile features
[0.362s] -- Detecting C compile features - done
[0.371s] -- Detecting CXX compiler ABI info
[0.470s] -- Detecting CXX compiler ABI info - done
[0.478s] -- Check for working CXX compiler: /usr/bin/c++ - skipped
[0.478s] -- Detecting CXX compile features
[0.478s] -- Detecting CXX compile features - done
[0.493s] -- Found ament_cmake: 2.5.4 (/opt/ros/jazzy/share/ament_cmake/cmake)
[0.646s] -- Found Python3: /usr/bin/python3 (found version "3.12.3") found components: Interpreter 
[0.803s] -- Found rclcpp: 28.1.11 (/opt/ros/jazzy/share/rclcpp/cmake)
[0.882s] -- Found rosidl_generator_c: 4.6.6 (/opt/ros/jazzy/share/rosidl_generator_c/cmake)
[0.907s] -- Found rosidl_generator_cpp: 4.6.6 (/opt/ros/jazzy/share/rosidl_generator_cpp/cmake)
[0.937s] -- Using all available rosidl_typesupport_c: rosidl_typesupport_fastrtps_c;rosidl_typesupport_introspection_c
[0.966s] -- Using all available rosidl_typesupport_cpp: rosidl_typesupport_fastrtps_cpp;rosidl_typesupport_introspection_cpp
[1.081s] -- Found rmw_implementation_cmake: 7.3.2 (/opt/ros/jazzy/share/rmw_implementation_cmake/cmake)
[1.087s] -- Found rmw_fastrtps_cpp: 8.4.3 (/opt/ros/jazzy/share/rmw_fastrtps_cpp/cmake)
[1.204s] -- Found OpenSSL: /usr/lib/x86_64-linux-gnu/libcrypto.so (found version "3.0.13")  
[1.226s] -- Found FastRTPS: /opt/ros/jazzy/include (Required is at least version "2.13") 
[1.249s] -- Using RMW implementation 'rmw_fastrtps_cpp' as default
[1.353s] -- Found std_msgs: 5.3.6 (/opt/ros/jazzy/share/std_msgs/cmake)
[1.374s] -- Found sensor_msgs: 5.3.6 (/opt/ros/jazzy/share/sensor_msgs/cmake)
[1.426s] -- Found pluginlib: 5.4.2 (/opt/ros/jazzy/share/pluginlib/cmake)
[1.456s] -- Found webots_ros2_driver: 2025.0.0 (/opt/ros/jazzy/share/webots_ros2_driver/cmake)
[1.499s] -- Found eigen3_cmake_module: 0.3.0 (/opt/ros/jazzy/share/eigen3_cmake_module/cmake)
[1.500s] -- Found Eigen3: TRUE (found version "3.4.0") 
[1.500s] -- Ensuring Eigen3 include directory is part of orocos-kdl CMake target
[1.756s] -- Found ament_lint_auto: 0.17.3 (/opt/ros/jazzy/share/ament_lint_auto/cmake)
[1.881s] -- Added test 'copyright' to check source files copyright and LICENSE
[1.888s] -- Added test 'cppcheck' to perform static code analysis on C / C++ code
[1.888s] -- Configured cppcheck include dirs: $<BUILD_INTERFACE:/home/tracy/Quadruped-Robot/quadruped_smc_ros2/include>
[1.888s] -- Configured cppcheck exclude dirs and/or files: 
[1.895s] -- Added test 'cpplint' to check C / C++ code against the Google style
[1.895s] -- Configured cpplint exclude dirs and/or files: 
[1.896s] -- Added test 'flake8' to check Python code syntax and style conventions
[1.897s] -- Configured 'flake8' exclude dirs and/or files: 
[1.899s] -- Added test 'lint_cmake' to check CMake code style
[1.901s] -- Added test 'pep257' to check Python code against some of the docstring style conventions in PEP 257
[1.908s] -- Added test 'uncrustify' to check C / C++ code style
[1.908s] -- Configured uncrustify additional arguments: 
[1.910s] -- Added test 'xmllint' to check XML markup files
[1.912s] -- Configuring done (1.9s)
[1.981s] -- Generating done (0.1s)
[1.987s] -- Build files have been written to: /home/tracy/Quadruped-Robot/quadruped_smc_ros2/build/quadruped_smc_ros2
[1.999s] Invoked command in '/home/tracy/Quadruped-Robot/quadruped_smc_ros2/build/quadruped_smc_ros2' returned '0': CMAKE_PREFIX_PATH=${CMAKE_PREFIX_PATH}:/opt/ros/jazzy DEBUGINFOD_URLS=https://debuginfod.ubuntu.com /usr/bin/cmake /home/tracy/Quadruped-Robot/quadruped_smc_ros2 -DCMAKE_INSTALL_PREFIX=/home/tracy/Quadruped-Robot/quadruped_smc_ros2/install/quadruped_smc_ros2
[2.000s] Invoking command in '/home/tracy/Quadruped-Robot/quadruped_smc_ros2/build/quadruped_smc_ros2': CMAKE_PREFIX_PATH=${CMAKE_PREFIX_PATH}:/opt/ros/jazzy DEBUGINFOD_URLS=https://debuginfod.ubuntu.com /usr/bin/cmake --build /home/tracy/Quadruped-Robot/quadruped_smc_ros2/build/quadruped_smc_ros2 -- -j16 -l16
[2.056s] [ 71%] [32mBuilding CXX object CMakeFiles/gait_keyboard_node.dir/src/gait_keyboard_node.cpp.o[0m
[2.056s] [ 71%] [32mBuilding CXX object CMakeFiles/quadruped_smc_ros2.dir/src/quadruped_driver.cpp.o[0m
[2.056s] [ 71%] [32mBuilding C object CMakeFiles/quadruped_smc_ros2.dir/src/SMC_controller_initialize.c.o[0m
[2.056s] [ 71%] [32mBuilding C object CMakeFiles/quadruped_smc_ros2.dir/src/SMC_controller_terminate.c.o[0m
[2.056s] [ 71%] [32mBuilding C object CMakeFiles/quadruped_smc_ros2.dir/src/SMC_controller.c.o[0m
[4.279s] [01m[K/home/tracy/Quadruped-Robot/quadruped_smc_ros2/src/quadruped_driver.cpp:[m[K In member function ‘[01m[Kvirtual void quadruped_smc_ros2::QuadrupedDriver::[01;32m[Kstep[m[K()[m[K’:
[4.279s] [01m[K/home/tracy/Quadruped-Robot/quadruped_smc_ros2/src/quadruped_driver.cpp:180:13:[m[K [01;31m[Kerror: [m[K‘[01m[Kleg_controllers[m[K’ was not declared in this scope; did you mean ‘[01m[Kleg_controllers_[m[K’?
[4.279s]   180 |             [01;31m[Kleg_controllers[m[K[leg].compute_SMC(
[4.279s]       |             [01;31m[K^~~~~~~~~~~~~~~[m[K
[4.279s]       |             [32m[Kleg_controllers_[m[K
[4.744s] [01m[K/home/tracy/Quadruped-Robot/quadruped_smc_ros2/src/gait_keyboard_node.cpp:[m[K In function ‘[01m[Kchar[01;32m[K getKeyNonBlocking[m[K()[m[K’:
[4.744s] [01m[K/home/tracy/Quadruped-Robot/quadruped_smc_ros2/src/gait_keyboard_node.cpp:33:9:[m[K [01;35m[Kwarning: [m[Kignoring return value of ‘[01m[Kssize_t[01;32m[K read[m[K(int, void*, size_t)[m[K’ declared with attribute ‘[01m[Kwarn_unused_result[m[K’ [[01;35m[K]8;;https://gcc.gnu.org/onlinedocs/gcc/Warning-Options.html#index-Wunused-result-Wunused-result]8;;[m[K]
[4.744s]    33 |     [01;35m[Kread(STDIN_FILENO, &ch, 1)[m[K;
[4.744s]       |     [01;35m[K~~~~^~~~~~~~~~~~~~~~~~~~~~[m[K
[6.416s] [ 85%] [32m[1mLinking CXX executable gait_keyboard_node[0m
[6.563s] [ 85%] Built target gait_keyboard_node
[6.567s] gmake[2]: *** [CMakeFiles/quadruped_smc_ros2.dir/build.make:76: CMakeFiles/quadruped_smc_ros2.dir/src/quadruped_driver.cpp.o] Error 1
[6.567s] gmake[1]: *** [CMakeFiles/Makefile2:139: CMakeFiles/quadruped_smc_ros2.dir/all] Error 2
[6.567s] gmake: *** [Makefile:146: all] Error 2
[6.570s] Invoked command in '/home/tracy/Quadruped-Robot/quadruped_smc_ros2/build/quadruped_smc_ros2' returned '2': CMAKE_PREFIX_PATH=${CMAKE_PREFIX_PATH}:/opt/ros/jazzy DEBUGINFOD_URLS=https://debuginfod.ubuntu.com /usr/bin/cmake --build /home/tracy/Quadruped-Robot/quadruped_smc_ros2/build/quadruped_smc_ros2 -- -j16 -l16
