[0.012s] Invoking command in '/home/tracy/Quadruped-Robot/quadruped_smc_ros2/build/quadruped_smc_ros2': CMAKE_PREFIX_PATH=${CMAKE_PREFIX_PATH}:/opt/ros/jazzy DEBUGINFOD_URLS=https://debuginfod.ubuntu.com /usr/bin/cmake --build /home/tracy/Quadruped-Robot/quadruped_smc_ros2/build/quadruped_smc_ros2 -- -j16 -l16
[0.141s] [ 33%] Built target gait_keyboard_node
[0.141s] [ 66%] Built target quadruped_smc_ros2
[0.141s] [100%] Built target error_monitor_node
[0.153s] Invoked command in '/home/tracy/Quadruped-Robot/quadruped_smc_ros2/build/quadruped_smc_ros2' returned '0': CMAKE_PREFIX_PATH=${CMAKE_PREFIX_PATH}:/opt/ros/jazzy DEBUGINFOD_URLS=https://debuginfod.ubuntu.com /usr/bin/cmake --build /home/tracy/Quadruped-Robot/quadruped_smc_ros2/build/quadruped_smc_ros2 -- -j16 -l16
[0.163s] Invoking command in '/home/tracy/Quadruped-Robot/quadruped_smc_ros2/build/quadruped_smc_ros2': CMAKE_PREFIX_PATH=${CMAKE_PREFIX_PATH}:/opt/ros/jazzy DEBUGINFOD_URLS=https://debuginfod.ubuntu.com /usr/bin/cmake --install /home/tracy/Quadruped-Robot/quadruped_smc_ros2/build/quadruped_smc_ros2
[0.181s] -- Install configuration: ""
[0.181s] -- Up-to-date: /home/tracy/Quadruped-Robot/quadruped_smc_ros2/install/quadruped_smc_ros2/share/quadruped_smc_ros2/plugin.xml
[0.181s] -- Up-to-date: /home/tracy/Quadruped-Robot/quadruped_smc_ros2/install/quadruped_smc_ros2/lib/libquadruped_smc_ros2.so
[0.181s] -- Up-to-date: /home/tracy/Quadruped-Robot/quadruped_smc_ros2/install/quadruped_smc_ros2/lib/quadruped_smc_ros2/gait_keyboard_node
[0.181s] -- Up-to-date: /home/tracy/Quadruped-Robot/quadruped_smc_ros2/install/quadruped_smc_ros2/lib/quadruped_smc_ros2/error_monitor_node
[0.181s] -- Up-to-date: /home/tracy/Quadruped-Robot/quadruped_smc_ros2/install/quadruped_smc_ros2/include
[0.182s] -- Up-to-date: /home/tracy/Quadruped-Robot/quadruped_smc_ros2/install/quadruped_smc_ros2/include/quadruped_smc_ros2
[0.182s] -- Up-to-date: /home/tracy/Quadruped-Robot/quadruped_smc_ros2/install/quadruped_smc_ros2/include/quadruped_smc_ros2/LegController2.hpp
[0.182s] -- Up-to-date: /home/tracy/Quadruped-Robot/quadruped_smc_ros2/install/quadruped_smc_ros2/include/quadruped_smc_ros2/quadruped_driver.hpp
[0.182s] -- Up-to-date: /home/tracy/Quadruped-Robot/quadruped_smc_ros2/install/quadruped_smc_ros2/include/quadruped_smc_ros2/GaitPlanner.hpp
[0.182s] -- Up-to-date: /home/tracy/Quadruped-Robot/quadruped_smc_ros2/install/quadruped_smc_ros2/share/quadruped_smc_ros2//launch
[0.182s] -- Installing: /home/tracy/Quadruped-Robot/quadruped_smc_ros2/install/quadruped_smc_ros2/share/quadruped_smc_ros2//launch/robot_launch.py
[0.182s] -- Up-to-date: /home/tracy/Quadruped-Robot/quadruped_smc_ros2/install/quadruped_smc_ros2/share/quadruped_smc_ros2//config
[0.182s] -- Up-to-date: /home/tracy/Quadruped-Robot/quadruped_smc_ros2/install/quadruped_smc_ros2/share/quadruped_smc_ros2//config/smc_params.yaml
[0.182s] -- Up-to-date: /home/tracy/Quadruped-Robot/quadruped_smc_ros2/install/quadruped_smc_ros2/share/quadruped_smc_ros2//urdf
[0.182s] -- Up-to-date: /home/tracy/Quadruped-Robot/quadruped_smc_ros2/install/quadruped_smc_ros2/share/quadruped_smc_ros2//urdf/robot_description.urdf
[0.182s] -- Up-to-date: /home/tracy/Quadruped-Robot/quadruped_smc_ros2/install/quadruped_smc_ros2/share/quadruped_smc_ros2//resource
[0.182s] -- Up-to-date: /home/tracy/Quadruped-Robot/quadruped_smc_ros2/install/quadruped_smc_ros2/share/quadruped_smc_ros2//resource/robot_8dof.wbt
[0.182s] -- Installing: /home/tracy/Quadruped-Robot/quadruped_smc_ros2/install/quadruped_smc_ros2/share/quadruped_smc_ros2//resource/.robot_8dof.wbproj
[0.182s] -- Up-to-date: /home/tracy/Quadruped-Robot/quadruped_smc_ros2/install/quadruped_smc_ros2/share/quadruped_smc_ros2/plugin.xml
[0.182s] -- Up-to-date: /home/tracy/Quadruped-Robot/quadruped_smc_ros2/install/quadruped_smc_ros2/share/ament_index/resource_index/package_run_dependencies/quadruped_smc_ros2
[0.183s] -- Up-to-date: /home/tracy/Quadruped-Robot/quadruped_smc_ros2/install/quadruped_smc_ros2/share/ament_index/resource_index/parent_prefix_path/quadruped_smc_ros2
[0.183s] -- Up-to-date: /home/tracy/Quadruped-Robot/quadruped_smc_ros2/install/quadruped_smc_ros2/share/quadruped_smc_ros2/environment/ament_prefix_path.sh
[0.183s] -- Up-to-date: /home/tracy/Quadruped-Robot/quadruped_smc_ros2/install/quadruped_smc_ros2/share/quadruped_smc_ros2/environment/ament_prefix_path.dsv
[0.183s] -- Up-to-date: /home/tracy/Quadruped-Robot/quadruped_smc_ros2/install/quadruped_smc_ros2/share/quadruped_smc_ros2/environment/path.sh
[0.183s] -- Up-to-date: /home/tracy/Quadruped-Robot/quadruped_smc_ros2/install/quadruped_smc_ros2/share/quadruped_smc_ros2/environment/path.dsv
[0.183s] -- Up-to-date: /home/tracy/Quadruped-Robot/quadruped_smc_ros2/install/quadruped_smc_ros2/share/quadruped_smc_ros2/local_setup.bash
[0.183s] -- Up-to-date: /home/tracy/Quadruped-Robot/quadruped_smc_ros2/install/quadruped_smc_ros2/share/quadruped_smc_ros2/local_setup.sh
[0.184s] -- Up-to-date: /home/tracy/Quadruped-Robot/quadruped_smc_ros2/install/quadruped_smc_ros2/share/quadruped_smc_ros2/local_setup.zsh
[0.184s] -- Up-to-date: /home/tracy/Quadruped-Robot/quadruped_smc_ros2/install/quadruped_smc_ros2/share/quadruped_smc_ros2/local_setup.dsv
[0.184s] -- Installing: /home/tracy/Quadruped-Robot/quadruped_smc_ros2/install/quadruped_smc_ros2/share/quadruped_smc_ros2/package.dsv
[0.184s] -- Up-to-date: /home/tracy/Quadruped-Robot/quadruped_smc_ros2/install/quadruped_smc_ros2/share/ament_index/resource_index/packages/quadruped_smc_ros2
[0.184s] -- Up-to-date: /home/tracy/Quadruped-Robot/quadruped_smc_ros2/install/quadruped_smc_ros2/share/ament_index/resource_index/webots_ros2_driver__pluginlib__plugin/quadruped_smc_ros2
[0.184s] -- Up-to-date: /home/tracy/Quadruped-Robot/quadruped_smc_ros2/install/quadruped_smc_ros2/share/quadruped_smc_ros2/cmake/quadruped_smc_ros2Config.cmake
[0.184s] -- Up-to-date: /home/tracy/Quadruped-Robot/quadruped_smc_ros2/install/quadruped_smc_ros2/share/quadruped_smc_ros2/cmake/quadruped_smc_ros2Config-version.cmake
[0.184s] -- Up-to-date: /home/tracy/Quadruped-Robot/quadruped_smc_ros2/install/quadruped_smc_ros2/share/quadruped_smc_ros2/package.xml
[0.184s] Invoked command in '/home/tracy/Quadruped-Robot/quadruped_smc_ros2/build/quadruped_smc_ros2' returned '0': CMAKE_PREFIX_PATH=${CMAKE_PREFIX_PATH}:/opt/ros/jazzy DEBUGINFOD_URLS=https://debuginfod.ubuntu.com /usr/bin/cmake --install /home/tracy/Quadruped-Robot/quadruped_smc_ros2/build/quadruped_smc_ros2
