[0.174s] DEBUG:colcon:Command line arguments: ['/usr/bin/colcon', 'build', '--packages-select', 'quadruped_smc_ros2']
[0.174s] DEBUG:colcon:Parsed command line arguments: Namespace(log_base=None, log_level=None, verb_name='build', build_base='build', install_base='install', merge_install=False, symlink_install=False, test_result_base=None, continue_on_error=False, executor='parallel', parallel_workers=16, event_handlers=None, ignore_user_meta=False, metas=['./colcon.meta'], base_paths=['.'], packages_ignore=None, packages_ignore_regex=None, paths=None, packages_up_to=None, packages_up_to_regex=None, packages_above=None, packages_above_and_dependencies=None, packages_above_depth=None, packages_select_by_dep=None, packages_skip_by_dep=None, packages_skip_up_to=None, packages_select_build_failed=False, packages_skip_build_finished=False, packages_select_test_failures=False, packages_skip_test_passed=False, packages_select=['quadruped_smc_ros2'], packages_skip=None, packages_select_regex=None, packages_skip_regex=None, packages_start=None, packages_end=None, allow_overriding=[], cmake_args=None, cmake_target=None, cmake_target_skip_unavailable=False, cmake_clean_cache=False, cmake_clean_first=False, cmake_force_configure=False, ament_cmake_args=None, catkin_cmake_args=None, catkin_skip_building_tests=False, mixin_files=None, mixin=None, verb_parser=<colcon_mixin.mixin.mixin_argument.MixinArgumentDecorator object at 0x75752eba9a60>, verb_extension=<colcon_core.verb.build.BuildVerb object at 0x75752ecd1730>, main=<bound method BuildVerb.main of <colcon_core.verb.build.BuildVerb object at 0x75752ecd1730>>, mixin_verb=('build',))
[0.219s] Level 1:colcon.colcon_core.package_discovery:discover_packages(colcon_meta) check parameters
[0.219s] Level 1:colcon.colcon_core.package_discovery:discover_packages(recursive) check parameters
[0.219s] Level 1:colcon.colcon_core.package_discovery:discover_packages(ignore) check parameters
[0.219s] Level 1:colcon.colcon_core.package_discovery:discover_packages(path) check parameters
[0.219s] Level 1:colcon.colcon_core.package_discovery:discover_packages(colcon_meta) discover
[0.219s] Level 1:colcon.colcon_core.package_discovery:discover_packages(recursive) discover
[0.219s] INFO:colcon.colcon_core.package_discovery:Crawling recursively for packages in '/home/tracy/Quadruped-Robot'
[0.219s] Level 1:colcon.colcon_core.package_identification:_identify(.) by extensions ['ignore', 'ignore_ament_install']
[0.219s] Level 1:colcon.colcon_core.package_identification:_identify(.) by extension 'ignore'
[0.219s] Level 1:colcon.colcon_core.package_identification:_identify(.) by extension 'ignore_ament_install'
[0.219s] Level 1:colcon.colcon_core.package_identification:_identify(.) by extensions ['colcon_pkg']
[0.219s] Level 1:colcon.colcon_core.package_identification:_identify(.) by extension 'colcon_pkg'
[0.219s] Level 1:colcon.colcon_core.package_identification:_identify(.) by extensions ['colcon_meta']
[0.219s] Level 1:colcon.colcon_core.package_identification:_identify(.) by extension 'colcon_meta'
[0.219s] Level 1:colcon.colcon_core.package_identification:_identify(.) by extensions ['ros']
[0.219s] Level 1:colcon.colcon_core.package_identification:_identify(.) by extension 'ros'
[0.244s] Level 1:colcon.colcon_core.package_identification:_identify(.) by extensions ['cmake', 'python']
[0.244s] Level 1:colcon.colcon_core.package_identification:_identify(.) by extension 'cmake'
[0.244s] Level 1:colcon.colcon_core.package_identification:_identify(.) by extension 'python'
[0.244s] Level 1:colcon.colcon_core.package_identification:_identify(.) by extensions ['python_setup_py']
[0.244s] Level 1:colcon.colcon_core.package_identification:_identify(.) by extension 'python_setup_py'
[0.244s] Level 1:colcon.colcon_core.package_identification:_identify(build) by extensions ['ignore', 'ignore_ament_install']
[0.244s] Level 1:colcon.colcon_core.package_identification:_identify(build) by extension 'ignore'
[0.245s] Level 1:colcon.colcon_core.package_identification:_identify(build) ignored
[0.245s] Level 1:colcon.colcon_core.package_identification:_identify(controllers) by extensions ['ignore', 'ignore_ament_install']
[0.245s] Level 1:colcon.colcon_core.package_identification:_identify(controllers) by extension 'ignore'
[0.245s] Level 1:colcon.colcon_core.package_identification:_identify(controllers) by extension 'ignore_ament_install'
[0.245s] Level 1:colcon.colcon_core.package_identification:_identify(controllers) by extensions ['colcon_pkg']
[0.245s] Level 1:colcon.colcon_core.package_identification:_identify(controllers) by extension 'colcon_pkg'
[0.245s] Level 1:colcon.colcon_core.package_identification:_identify(controllers) by extensions ['colcon_meta']
[0.245s] Level 1:colcon.colcon_core.package_identification:_identify(controllers) by extension 'colcon_meta'
[0.245s] Level 1:colcon.colcon_core.package_identification:_identify(controllers) by extensions ['ros']
[0.245s] Level 1:colcon.colcon_core.package_identification:_identify(controllers) by extension 'ros'
[0.246s] Level 1:colcon.colcon_core.package_identification:_identify(controllers) by extensions ['cmake', 'python']
[0.246s] Level 1:colcon.colcon_core.package_identification:_identify(controllers) by extension 'cmake'
[0.246s] Level 1:colcon.colcon_core.package_identification:_identify(controllers) by extension 'python'
[0.246s] Level 1:colcon.colcon_core.package_identification:_identify(controllers) by extensions ['python_setup_py']
[0.246s] Level 1:colcon.colcon_core.package_identification:_identify(controllers) by extension 'python_setup_py'
[0.246s] Level 1:colcon.colcon_core.package_identification:_identify(controllers/main_SMC_controller) by extensions ['ignore', 'ignore_ament_install']
[0.246s] Level 1:colcon.colcon_core.package_identification:_identify(controllers/main_SMC_controller) by extension 'ignore'
[0.246s] Level 1:colcon.colcon_core.package_identification:_identify(controllers/main_SMC_controller) by extension 'ignore_ament_install'
[0.246s] Level 1:colcon.colcon_core.package_identification:_identify(controllers/main_SMC_controller) by extensions ['colcon_pkg']
[0.246s] Level 1:colcon.colcon_core.package_identification:_identify(controllers/main_SMC_controller) by extension 'colcon_pkg'
[0.246s] Level 1:colcon.colcon_core.package_identification:_identify(controllers/main_SMC_controller) by extensions ['colcon_meta']
[0.246s] Level 1:colcon.colcon_core.package_identification:_identify(controllers/main_SMC_controller) by extension 'colcon_meta'
[0.246s] Level 1:colcon.colcon_core.package_identification:_identify(controllers/main_SMC_controller) by extensions ['ros']
[0.246s] Level 1:colcon.colcon_core.package_identification:_identify(controllers/main_SMC_controller) by extension 'ros'
[0.246s] Level 1:colcon.colcon_core.package_identification:_identify(controllers/main_SMC_controller) by extensions ['cmake', 'python']
[0.246s] Level 1:colcon.colcon_core.package_identification:_identify(controllers/main_SMC_controller) by extension 'cmake'
[0.246s] Level 1:colcon.colcon_core.package_identification:_identify(controllers/main_SMC_controller) by extension 'python'
[0.246s] Level 1:colcon.colcon_core.package_identification:_identify(controllers/main_SMC_controller) by extensions ['python_setup_py']
[0.246s] Level 1:colcon.colcon_core.package_identification:_identify(controllers/main_SMC_controller) by extension 'python_setup_py'
[0.246s] Level 1:colcon.colcon_core.package_identification:_identify(controllers/main_SMC_controller/build) by extensions ['ignore', 'ignore_ament_install']
[0.246s] Level 1:colcon.colcon_core.package_identification:_identify(controllers/main_SMC_controller/build) by extension 'ignore'
[0.246s] Level 1:colcon.colcon_core.package_identification:_identify(controllers/main_SMC_controller/build) by extension 'ignore_ament_install'
[0.246s] Level 1:colcon.colcon_core.package_identification:_identify(controllers/main_SMC_controller/build) by extensions ['colcon_pkg']
[0.247s] Level 1:colcon.colcon_core.package_identification:_identify(controllers/main_SMC_controller/build) by extension 'colcon_pkg'
[0.247s] Level 1:colcon.colcon_core.package_identification:_identify(controllers/main_SMC_controller/build) by extensions ['colcon_meta']
[0.247s] Level 1:colcon.colcon_core.package_identification:_identify(controllers/main_SMC_controller/build) by extension 'colcon_meta'
[0.247s] Level 1:colcon.colcon_core.package_identification:_identify(controllers/main_SMC_controller/build) by extensions ['ros']
[0.247s] Level 1:colcon.colcon_core.package_identification:_identify(controllers/main_SMC_controller/build) by extension 'ros'
[0.247s] Level 1:colcon.colcon_core.package_identification:_identify(controllers/main_SMC_controller/build) by extensions ['cmake', 'python']
[0.247s] Level 1:colcon.colcon_core.package_identification:_identify(controllers/main_SMC_controller/build) by extension 'cmake'
[0.247s] Level 1:colcon.colcon_core.package_identification:_identify(controllers/main_SMC_controller/build) by extension 'python'
[0.247s] Level 1:colcon.colcon_core.package_identification:_identify(controllers/main_SMC_controller/build) by extensions ['python_setup_py']
[0.247s] Level 1:colcon.colcon_core.package_identification:_identify(controllers/main_SMC_controller/build) by extension 'python_setup_py'
[0.247s] Level 1:colcon.colcon_core.package_identification:_identify(controllers/main_SMC_controller/build/release) by extensions ['ignore', 'ignore_ament_install']
[0.247s] Level 1:colcon.colcon_core.package_identification:_identify(controllers/main_SMC_controller/build/release) by extension 'ignore'
[0.247s] Level 1:colcon.colcon_core.package_identification:_identify(controllers/main_SMC_controller/build/release) by extension 'ignore_ament_install'
[0.247s] Level 1:colcon.colcon_core.package_identification:_identify(controllers/main_SMC_controller/build/release) by extensions ['colcon_pkg']
[0.247s] Level 1:colcon.colcon_core.package_identification:_identify(controllers/main_SMC_controller/build/release) by extension 'colcon_pkg'
[0.247s] Level 1:colcon.colcon_core.package_identification:_identify(controllers/main_SMC_controller/build/release) by extensions ['colcon_meta']
[0.247s] Level 1:colcon.colcon_core.package_identification:_identify(controllers/main_SMC_controller/build/release) by extension 'colcon_meta'
[0.247s] Level 1:colcon.colcon_core.package_identification:_identify(controllers/main_SMC_controller/build/release) by extensions ['ros']
[0.247s] Level 1:colcon.colcon_core.package_identification:_identify(controllers/main_SMC_controller/build/release) by extension 'ros'
[0.247s] Level 1:colcon.colcon_core.package_identification:_identify(controllers/main_SMC_controller/build/release) by extensions ['cmake', 'python']
[0.247s] Level 1:colcon.colcon_core.package_identification:_identify(controllers/main_SMC_controller/build/release) by extension 'cmake'
[0.247s] Level 1:colcon.colcon_core.package_identification:_identify(controllers/main_SMC_controller/build/release) by extension 'python'
[0.247s] Level 1:colcon.colcon_core.package_identification:_identify(controllers/main_SMC_controller/build/release) by extensions ['python_setup_py']
[0.247s] Level 1:colcon.colcon_core.package_identification:_identify(controllers/main_SMC_controller/build/release) by extension 'python_setup_py'
[0.247s] Level 1:colcon.colcon_core.package_identification:_identify(data) by extensions ['ignore', 'ignore_ament_install']
[0.247s] Level 1:colcon.colcon_core.package_identification:_identify(data) by extension 'ignore'
[0.248s] Level 1:colcon.colcon_core.package_identification:_identify(data) by extension 'ignore_ament_install'
[0.248s] Level 1:colcon.colcon_core.package_identification:_identify(data) by extensions ['colcon_pkg']
[0.248s] Level 1:colcon.colcon_core.package_identification:_identify(data) by extension 'colcon_pkg'
[0.248s] Level 1:colcon.colcon_core.package_identification:_identify(data) by extensions ['colcon_meta']
[0.248s] Level 1:colcon.colcon_core.package_identification:_identify(data) by extension 'colcon_meta'
[0.248s] Level 1:colcon.colcon_core.package_identification:_identify(data) by extensions ['ros']
[0.248s] Level 1:colcon.colcon_core.package_identification:_identify(data) by extension 'ros'
[0.248s] Level 1:colcon.colcon_core.package_identification:_identify(data) by extensions ['cmake', 'python']
[0.248s] Level 1:colcon.colcon_core.package_identification:_identify(data) by extension 'cmake'
[0.248s] Level 1:colcon.colcon_core.package_identification:_identify(data) by extension 'python'
[0.248s] Level 1:colcon.colcon_core.package_identification:_identify(data) by extensions ['python_setup_py']
[0.248s] Level 1:colcon.colcon_core.package_identification:_identify(data) by extension 'python_setup_py'
[0.248s] Level 1:colcon.colcon_core.package_identification:_identify(docs) by extensions ['ignore', 'ignore_ament_install']
[0.248s] Level 1:colcon.colcon_core.package_identification:_identify(docs) by extension 'ignore'
[0.248s] Level 1:colcon.colcon_core.package_identification:_identify(docs) by extension 'ignore_ament_install'
[0.248s] Level 1:colcon.colcon_core.package_identification:_identify(docs) by extensions ['colcon_pkg']
[0.248s] Level 1:colcon.colcon_core.package_identification:_identify(docs) by extension 'colcon_pkg'
[0.248s] Level 1:colcon.colcon_core.package_identification:_identify(docs) by extensions ['colcon_meta']
[0.248s] Level 1:colcon.colcon_core.package_identification:_identify(docs) by extension 'colcon_meta'
[0.248s] Level 1:colcon.colcon_core.package_identification:_identify(docs) by extensions ['ros']
[0.248s] Level 1:colcon.colcon_core.package_identification:_identify(docs) by extension 'ros'
[0.248s] Level 1:colcon.colcon_core.package_identification:_identify(docs) by extensions ['cmake', 'python']
[0.248s] Level 1:colcon.colcon_core.package_identification:_identify(docs) by extension 'cmake'
[0.248s] Level 1:colcon.colcon_core.package_identification:_identify(docs) by extension 'python'
[0.248s] Level 1:colcon.colcon_core.package_identification:_identify(docs) by extensions ['python_setup_py']
[0.248s] Level 1:colcon.colcon_core.package_identification:_identify(docs) by extension 'python_setup_py'
[0.248s] Level 1:colcon.colcon_core.package_identification:_identify(docs/Video) by extensions ['ignore', 'ignore_ament_install']
[0.249s] Level 1:colcon.colcon_core.package_identification:_identify(docs/Video) by extension 'ignore'
[0.249s] Level 1:colcon.colcon_core.package_identification:_identify(docs/Video) by extension 'ignore_ament_install'
[0.249s] Level 1:colcon.colcon_core.package_identification:_identify(docs/Video) by extensions ['colcon_pkg']
[0.249s] Level 1:colcon.colcon_core.package_identification:_identify(docs/Video) by extension 'colcon_pkg'
[0.249s] Level 1:colcon.colcon_core.package_identification:_identify(docs/Video) by extensions ['colcon_meta']
[0.249s] Level 1:colcon.colcon_core.package_identification:_identify(docs/Video) by extension 'colcon_meta'
[0.249s] Level 1:colcon.colcon_core.package_identification:_identify(docs/Video) by extensions ['ros']
[0.249s] Level 1:colcon.colcon_core.package_identification:_identify(docs/Video) by extension 'ros'
[0.249s] Level 1:colcon.colcon_core.package_identification:_identify(docs/Video) by extensions ['cmake', 'python']
[0.249s] Level 1:colcon.colcon_core.package_identification:_identify(docs/Video) by extension 'cmake'
[0.249s] Level 1:colcon.colcon_core.package_identification:_identify(docs/Video) by extension 'python'
[0.249s] Level 1:colcon.colcon_core.package_identification:_identify(docs/Video) by extensions ['python_setup_py']
[0.249s] Level 1:colcon.colcon_core.package_identification:_identify(docs/Video) by extension 'python_setup_py'
[0.249s] Level 1:colcon.colcon_core.package_identification:_identify(dynamics) by extensions ['ignore', 'ignore_ament_install']
[0.249s] Level 1:colcon.colcon_core.package_identification:_identify(dynamics) by extension 'ignore'
[0.249s] Level 1:colcon.colcon_core.package_identification:_identify(dynamics) by extension 'ignore_ament_install'
[0.249s] Level 1:colcon.colcon_core.package_identification:_identify(dynamics) by extensions ['colcon_pkg']
[0.249s] Level 1:colcon.colcon_core.package_identification:_identify(dynamics) by extension 'colcon_pkg'
[0.249s] Level 1:colcon.colcon_core.package_identification:_identify(dynamics) by extensions ['colcon_meta']
[0.249s] Level 1:colcon.colcon_core.package_identification:_identify(dynamics) by extension 'colcon_meta'
[0.249s] Level 1:colcon.colcon_core.package_identification:_identify(dynamics) by extensions ['ros']
[0.249s] Level 1:colcon.colcon_core.package_identification:_identify(dynamics) by extension 'ros'
[0.249s] Level 1:colcon.colcon_core.package_identification:_identify(dynamics) by extensions ['cmake', 'python']
[0.249s] Level 1:colcon.colcon_core.package_identification:_identify(dynamics) by extension 'cmake'
[0.249s] Level 1:colcon.colcon_core.package_identification:_identify(dynamics) by extension 'python'
[0.249s] Level 1:colcon.colcon_core.package_identification:_identify(dynamics) by extensions ['python_setup_py']
[0.249s] Level 1:colcon.colcon_core.package_identification:_identify(dynamics) by extension 'python_setup_py'
[0.249s] Level 1:colcon.colcon_core.package_identification:_identify(dynamics/TLTK BTL LTĐKNC) by extensions ['ignore', 'ignore_ament_install']
[0.250s] Level 1:colcon.colcon_core.package_identification:_identify(dynamics/TLTK BTL LTĐKNC) by extension 'ignore'
[0.250s] Level 1:colcon.colcon_core.package_identification:_identify(dynamics/TLTK BTL LTĐKNC) by extension 'ignore_ament_install'
[0.250s] Level 1:colcon.colcon_core.package_identification:_identify(dynamics/TLTK BTL LTĐKNC) by extensions ['colcon_pkg']
[0.250s] Level 1:colcon.colcon_core.package_identification:_identify(dynamics/TLTK BTL LTĐKNC) by extension 'colcon_pkg'
[0.250s] Level 1:colcon.colcon_core.package_identification:_identify(dynamics/TLTK BTL LTĐKNC) by extensions ['colcon_meta']
[0.250s] Level 1:colcon.colcon_core.package_identification:_identify(dynamics/TLTK BTL LTĐKNC) by extension 'colcon_meta'
[0.250s] Level 1:colcon.colcon_core.package_identification:_identify(dynamics/TLTK BTL LTĐKNC) by extensions ['ros']
[0.250s] Level 1:colcon.colcon_core.package_identification:_identify(dynamics/TLTK BTL LTĐKNC) by extension 'ros'
[0.250s] Level 1:colcon.colcon_core.package_identification:_identify(dynamics/TLTK BTL LTĐKNC) by extensions ['cmake', 'python']
[0.250s] Level 1:colcon.colcon_core.package_identification:_identify(dynamics/TLTK BTL LTĐKNC) by extension 'cmake'
[0.250s] Level 1:colcon.colcon_core.package_identification:_identify(dynamics/TLTK BTL LTĐKNC) by extension 'python'
[0.250s] Level 1:colcon.colcon_core.package_identification:_identify(dynamics/TLTK BTL LTĐKNC) by extensions ['python_setup_py']
[0.250s] Level 1:colcon.colcon_core.package_identification:_identify(dynamics/TLTK BTL LTĐKNC) by extension 'python_setup_py'
[0.250s] Level 1:colcon.colcon_core.package_identification:_identify(gaits) by extensions ['ignore', 'ignore_ament_install']
[0.250s] Level 1:colcon.colcon_core.package_identification:_identify(gaits) by extension 'ignore'
[0.250s] Level 1:colcon.colcon_core.package_identification:_identify(gaits) by extension 'ignore_ament_install'
[0.250s] Level 1:colcon.colcon_core.package_identification:_identify(gaits) by extensions ['colcon_pkg']
[0.250s] Level 1:colcon.colcon_core.package_identification:_identify(gaits) by extension 'colcon_pkg'
[0.250s] Level 1:colcon.colcon_core.package_identification:_identify(gaits) by extensions ['colcon_meta']
[0.250s] Level 1:colcon.colcon_core.package_identification:_identify(gaits) by extension 'colcon_meta'
[0.250s] Level 1:colcon.colcon_core.package_identification:_identify(gaits) by extensions ['ros']
[0.250s] Level 1:colcon.colcon_core.package_identification:_identify(gaits) by extension 'ros'
[0.250s] Level 1:colcon.colcon_core.package_identification:_identify(gaits) by extensions ['cmake', 'python']
[0.250s] Level 1:colcon.colcon_core.package_identification:_identify(gaits) by extension 'cmake'
[0.250s] Level 1:colcon.colcon_core.package_identification:_identify(gaits) by extension 'python'
[0.250s] Level 1:colcon.colcon_core.package_identification:_identify(gaits) by extensions ['python_setup_py']
[0.250s] Level 1:colcon.colcon_core.package_identification:_identify(gaits) by extension 'python_setup_py'
[0.251s] Level 1:colcon.colcon_core.package_identification:_identify(install) by extensions ['ignore', 'ignore_ament_install']
[0.251s] Level 1:colcon.colcon_core.package_identification:_identify(install) by extension 'ignore'
[0.251s] Level 1:colcon.colcon_core.package_identification:_identify(install) ignored
[0.251s] Level 1:colcon.colcon_core.package_identification:_identify(log) by extensions ['ignore', 'ignore_ament_install']
[0.251s] Level 1:colcon.colcon_core.package_identification:_identify(log) by extension 'ignore'
[0.251s] Level 1:colcon.colcon_core.package_identification:_identify(log) ignored
[0.251s] Level 1:colcon.colcon_core.package_identification:_identify(quadruped_smc_ros2) by extensions ['ignore', 'ignore_ament_install']
[0.251s] Level 1:colcon.colcon_core.package_identification:_identify(quadruped_smc_ros2) by extension 'ignore'
[0.251s] Level 1:colcon.colcon_core.package_identification:_identify(quadruped_smc_ros2) by extension 'ignore_ament_install'
[0.251s] Level 1:colcon.colcon_core.package_identification:_identify(quadruped_smc_ros2) by extensions ['colcon_pkg']
[0.251s] Level 1:colcon.colcon_core.package_identification:_identify(quadruped_smc_ros2) by extension 'colcon_pkg'
[0.251s] Level 1:colcon.colcon_core.package_identification:_identify(quadruped_smc_ros2) by extensions ['colcon_meta']
[0.251s] Level 1:colcon.colcon_core.package_identification:_identify(quadruped_smc_ros2) by extension 'colcon_meta'
[0.251s] Level 1:colcon.colcon_core.package_identification:_identify(quadruped_smc_ros2) by extensions ['ros']
[0.251s] Level 1:colcon.colcon_core.package_identification:_identify(quadruped_smc_ros2) by extension 'ros'
[0.254s] DEBUG:colcon.colcon_core.package_identification:Package 'quadruped_smc_ros2' with type 'ros.ament_cmake' and name 'quadruped_smc_ros2'
[0.254s] Level 1:colcon.colcon_core.package_identification:_identify(resources) by extensions ['ignore', 'ignore_ament_install']
[0.254s] Level 1:colcon.colcon_core.package_identification:_identify(resources) by extension 'ignore'
[0.254s] Level 1:colcon.colcon_core.package_identification:_identify(resources) by extension 'ignore_ament_install'
[0.254s] Level 1:colcon.colcon_core.package_identification:_identify(resources) by extensions ['colcon_pkg']
[0.254s] Level 1:colcon.colcon_core.package_identification:_identify(resources) by extension 'colcon_pkg'
[0.254s] Level 1:colcon.colcon_core.package_identification:_identify(resources) by extensions ['colcon_meta']
[0.254s] Level 1:colcon.colcon_core.package_identification:_identify(resources) by extension 'colcon_meta'
[0.254s] Level 1:colcon.colcon_core.package_identification:_identify(resources) by extensions ['ros']
[0.254s] Level 1:colcon.colcon_core.package_identification:_identify(resources) by extension 'ros'
[0.254s] Level 1:colcon.colcon_core.package_identification:_identify(resources) by extensions ['cmake', 'python']
[0.254s] Level 1:colcon.colcon_core.package_identification:_identify(resources) by extension 'cmake'
[0.254s] Level 1:colcon.colcon_core.package_identification:_identify(resources) by extension 'python'
[0.254s] Level 1:colcon.colcon_core.package_identification:_identify(resources) by extensions ['python_setup_py']
[0.254s] Level 1:colcon.colcon_core.package_identification:_identify(resources) by extension 'python_setup_py'
[0.254s] Level 1:colcon.colcon_core.package_identification:_identify(resources/project) by extensions ['ignore', 'ignore_ament_install']
[0.255s] Level 1:colcon.colcon_core.package_identification:_identify(resources/project) by extension 'ignore'
[0.255s] Level 1:colcon.colcon_core.package_identification:_identify(resources/project) by extension 'ignore_ament_install'
[0.255s] Level 1:colcon.colcon_core.package_identification:_identify(resources/project) by extensions ['colcon_pkg']
[0.255s] Level 1:colcon.colcon_core.package_identification:_identify(resources/project) by extension 'colcon_pkg'
[0.255s] Level 1:colcon.colcon_core.package_identification:_identify(resources/project) by extensions ['colcon_meta']
[0.255s] Level 1:colcon.colcon_core.package_identification:_identify(resources/project) by extension 'colcon_meta'
[0.255s] Level 1:colcon.colcon_core.package_identification:_identify(resources/project) by extensions ['ros']
[0.255s] Level 1:colcon.colcon_core.package_identification:_identify(resources/project) by extension 'ros'
[0.255s] Level 1:colcon.colcon_core.package_identification:_identify(resources/project) by extensions ['cmake', 'python']
[0.255s] Level 1:colcon.colcon_core.package_identification:_identify(resources/project) by extension 'cmake'
[0.255s] Level 1:colcon.colcon_core.package_identification:_identify(resources/project) by extension 'python'
[0.255s] Level 1:colcon.colcon_core.package_identification:_identify(resources/project) by extensions ['python_setup_py']
[0.255s] Level 1:colcon.colcon_core.package_identification:_identify(resources/project) by extension 'python_setup_py'
[0.255s] Level 1:colcon.colcon_core.package_identification:_identify(resources/project/5MDOT0bLZT_004KgcyrvQmSulag) by extensions ['ignore', 'ignore_ament_install']
[0.255s] Level 1:colcon.colcon_core.package_identification:_identify(resources/project/5MDOT0bLZT_004KgcyrvQmSulag) by extension 'ignore'
[0.255s] Level 1:colcon.colcon_core.package_identification:_identify(resources/project/5MDOT0bLZT_004KgcyrvQmSulag) by extension 'ignore_ament_install'
[0.255s] Level 1:colcon.colcon_core.package_identification:_identify(resources/project/5MDOT0bLZT_004KgcyrvQmSulag) by extensions ['colcon_pkg']
[0.255s] Level 1:colcon.colcon_core.package_identification:_identify(resources/project/5MDOT0bLZT_004KgcyrvQmSulag) by extension 'colcon_pkg'
[0.255s] Level 1:colcon.colcon_core.package_identification:_identify(resources/project/5MDOT0bLZT_004KgcyrvQmSulag) by extensions ['colcon_meta']
[0.255s] Level 1:colcon.colcon_core.package_identification:_identify(resources/project/5MDOT0bLZT_004KgcyrvQmSulag) by extension 'colcon_meta'
[0.255s] Level 1:colcon.colcon_core.package_identification:_identify(resources/project/5MDOT0bLZT_004KgcyrvQmSulag) by extensions ['ros']
[0.255s] Level 1:colcon.colcon_core.package_identification:_identify(resources/project/5MDOT0bLZT_004KgcyrvQmSulag) by extension 'ros'
[0.255s] Level 1:colcon.colcon_core.package_identification:_identify(resources/project/5MDOT0bLZT_004KgcyrvQmSulag) by extensions ['cmake', 'python']
[0.255s] Level 1:colcon.colcon_core.package_identification:_identify(resources/project/5MDOT0bLZT_004KgcyrvQmSulag) by extension 'cmake'
[0.255s] Level 1:colcon.colcon_core.package_identification:_identify(resources/project/5MDOT0bLZT_004KgcyrvQmSulag) by extension 'python'
[0.255s] Level 1:colcon.colcon_core.package_identification:_identify(resources/project/5MDOT0bLZT_004KgcyrvQmSulag) by extensions ['python_setup_py']
[0.255s] Level 1:colcon.colcon_core.package_identification:_identify(resources/project/5MDOT0bLZT_004KgcyrvQmSulag) by extension 'python_setup_py'
[0.256s] Level 1:colcon.colcon_core.package_identification:_identify(resources/project/CCrEKqVzmDcRwroC2SpGZ1u0t00) by extensions ['ignore', 'ignore_ament_install']
[0.256s] Level 1:colcon.colcon_core.package_identification:_identify(resources/project/CCrEKqVzmDcRwroC2SpGZ1u0t00) by extension 'ignore'
[0.256s] Level 1:colcon.colcon_core.package_identification:_identify(resources/project/CCrEKqVzmDcRwroC2SpGZ1u0t00) by extension 'ignore_ament_install'
[0.256s] Level 1:colcon.colcon_core.package_identification:_identify(resources/project/CCrEKqVzmDcRwroC2SpGZ1u0t00) by extensions ['colcon_pkg']
[0.256s] Level 1:colcon.colcon_core.package_identification:_identify(resources/project/CCrEKqVzmDcRwroC2SpGZ1u0t00) by extension 'colcon_pkg'
[0.256s] Level 1:colcon.colcon_core.package_identification:_identify(resources/project/CCrEKqVzmDcRwroC2SpGZ1u0t00) by extensions ['colcon_meta']
[0.256s] Level 1:colcon.colcon_core.package_identification:_identify(resources/project/CCrEKqVzmDcRwroC2SpGZ1u0t00) by extension 'colcon_meta'
[0.256s] Level 1:colcon.colcon_core.package_identification:_identify(resources/project/CCrEKqVzmDcRwroC2SpGZ1u0t00) by extensions ['ros']
[0.256s] Level 1:colcon.colcon_core.package_identification:_identify(resources/project/CCrEKqVzmDcRwroC2SpGZ1u0t00) by extension 'ros'
[0.256s] Level 1:colcon.colcon_core.package_identification:_identify(resources/project/CCrEKqVzmDcRwroC2SpGZ1u0t00) by extensions ['cmake', 'python']
[0.256s] Level 1:colcon.colcon_core.package_identification:_identify(resources/project/CCrEKqVzmDcRwroC2SpGZ1u0t00) by extension 'cmake'
[0.256s] Level 1:colcon.colcon_core.package_identification:_identify(resources/project/CCrEKqVzmDcRwroC2SpGZ1u0t00) by extension 'python'
[0.256s] Level 1:colcon.colcon_core.package_identification:_identify(resources/project/CCrEKqVzmDcRwroC2SpGZ1u0t00) by extensions ['python_setup_py']
[0.256s] Level 1:colcon.colcon_core.package_identification:_identify(resources/project/CCrEKqVzmDcRwroC2SpGZ1u0t00) by extension 'python_setup_py'
[0.256s] Level 1:colcon.colcon_core.package_identification:_identify(resources/project/EEtUlUb-dLAdf0KpMVivaUlztwA) by extensions ['ignore', 'ignore_ament_install']
[0.256s] Level 1:colcon.colcon_core.package_identification:_identify(resources/project/EEtUlUb-dLAdf0KpMVivaUlztwA) by extension 'ignore'
[0.256s] Level 1:colcon.colcon_core.package_identification:_identify(resources/project/EEtUlUb-dLAdf0KpMVivaUlztwA) by extension 'ignore_ament_install'
[0.256s] Level 1:colcon.colcon_core.package_identification:_identify(resources/project/EEtUlUb-dLAdf0KpMVivaUlztwA) by extensions ['colcon_pkg']
[0.256s] Level 1:colcon.colcon_core.package_identification:_identify(resources/project/EEtUlUb-dLAdf0KpMVivaUlztwA) by extension 'colcon_pkg'
[0.256s] Level 1:colcon.colcon_core.package_identification:_identify(resources/project/EEtUlUb-dLAdf0KpMVivaUlztwA) by extensions ['colcon_meta']
[0.256s] Level 1:colcon.colcon_core.package_identification:_identify(resources/project/EEtUlUb-dLAdf0KpMVivaUlztwA) by extension 'colcon_meta'
[0.256s] Level 1:colcon.colcon_core.package_identification:_identify(resources/project/EEtUlUb-dLAdf0KpMVivaUlztwA) by extensions ['ros']
[0.256s] Level 1:colcon.colcon_core.package_identification:_identify(resources/project/EEtUlUb-dLAdf0KpMVivaUlztwA) by extension 'ros'
[0.256s] Level 1:colcon.colcon_core.package_identification:_identify(resources/project/EEtUlUb-dLAdf0KpMVivaUlztwA) by extensions ['cmake', 'python']
[0.256s] Level 1:colcon.colcon_core.package_identification:_identify(resources/project/EEtUlUb-dLAdf0KpMVivaUlztwA) by extension 'cmake'
[0.257s] Level 1:colcon.colcon_core.package_identification:_identify(resources/project/EEtUlUb-dLAdf0KpMVivaUlztwA) by extension 'python'
[0.257s] Level 1:colcon.colcon_core.package_identification:_identify(resources/project/EEtUlUb-dLAdf0KpMVivaUlztwA) by extensions ['python_setup_py']
[0.257s] Level 1:colcon.colcon_core.package_identification:_identify(resources/project/EEtUlUb-dLAdf0KpMVivaUlztwA) by extension 'python_setup_py'
[0.257s] Level 1:colcon.colcon_core.package_identification:_identify(resources/project/NjSPEMsIuLUyIpr2u1Js5bVPsOs) by extensions ['ignore', 'ignore_ament_install']
[0.257s] Level 1:colcon.colcon_core.package_identification:_identify(resources/project/NjSPEMsIuLUyIpr2u1Js5bVPsOs) by extension 'ignore'
[0.257s] Level 1:colcon.colcon_core.package_identification:_identify(resources/project/NjSPEMsIuLUyIpr2u1Js5bVPsOs) by extension 'ignore_ament_install'
[0.257s] Level 1:colcon.colcon_core.package_identification:_identify(resources/project/NjSPEMsIuLUyIpr2u1Js5bVPsOs) by extensions ['colcon_pkg']
[0.257s] Level 1:colcon.colcon_core.package_identification:_identify(resources/project/NjSPEMsIuLUyIpr2u1Js5bVPsOs) by extension 'colcon_pkg'
[0.257s] Level 1:colcon.colcon_core.package_identification:_identify(resources/project/NjSPEMsIuLUyIpr2u1Js5bVPsOs) by extensions ['colcon_meta']
[0.257s] Level 1:colcon.colcon_core.package_identification:_identify(resources/project/NjSPEMsIuLUyIpr2u1Js5bVPsOs) by extension 'colcon_meta'
[0.257s] Level 1:colcon.colcon_core.package_identification:_identify(resources/project/NjSPEMsIuLUyIpr2u1Js5bVPsOs) by extensions ['ros']
[0.257s] Level 1:colcon.colcon_core.package_identification:_identify(resources/project/NjSPEMsIuLUyIpr2u1Js5bVPsOs) by extension 'ros'
[0.257s] Level 1:colcon.colcon_core.package_identification:_identify(resources/project/NjSPEMsIuLUyIpr2u1Js5bVPsOs) by extensions ['cmake', 'python']
[0.257s] Level 1:colcon.colcon_core.package_identification:_identify(resources/project/NjSPEMsIuLUyIpr2u1Js5bVPsOs) by extension 'cmake'
[0.257s] Level 1:colcon.colcon_core.package_identification:_identify(resources/project/NjSPEMsIuLUyIpr2u1Js5bVPsOs) by extension 'python'
[0.257s] Level 1:colcon.colcon_core.package_identification:_identify(resources/project/NjSPEMsIuLUyIpr2u1Js5bVPsOs) by extensions ['python_setup_py']
[0.257s] Level 1:colcon.colcon_core.package_identification:_identify(resources/project/NjSPEMsIuLUyIpr2u1Js5bVPsOs) by extension 'python_setup_py'
[0.257s] Level 1:colcon.colcon_core.package_identification:_identify(resources/project/aPSZTDXRjCsxkLD0Rd1_fiBDTLQ) by extensions ['ignore', 'ignore_ament_install']
[0.257s] Level 1:colcon.colcon_core.package_identification:_identify(resources/project/aPSZTDXRjCsxkLD0Rd1_fiBDTLQ) by extension 'ignore'
[0.257s] Level 1:colcon.colcon_core.package_identification:_identify(resources/project/aPSZTDXRjCsxkLD0Rd1_fiBDTLQ) by extension 'ignore_ament_install'
[0.257s] Level 1:colcon.colcon_core.package_identification:_identify(resources/project/aPSZTDXRjCsxkLD0Rd1_fiBDTLQ) by extensions ['colcon_pkg']
[0.257s] Level 1:colcon.colcon_core.package_identification:_identify(resources/project/aPSZTDXRjCsxkLD0Rd1_fiBDTLQ) by extension 'colcon_pkg'
[0.257s] Level 1:colcon.colcon_core.package_identification:_identify(resources/project/aPSZTDXRjCsxkLD0Rd1_fiBDTLQ) by extensions ['colcon_meta']
[0.257s] Level 1:colcon.colcon_core.package_identification:_identify(resources/project/aPSZTDXRjCsxkLD0Rd1_fiBDTLQ) by extension 'colcon_meta'
[0.257s] Level 1:colcon.colcon_core.package_identification:_identify(resources/project/aPSZTDXRjCsxkLD0Rd1_fiBDTLQ) by extensions ['ros']
[0.257s] Level 1:colcon.colcon_core.package_identification:_identify(resources/project/aPSZTDXRjCsxkLD0Rd1_fiBDTLQ) by extension 'ros'
[0.257s] Level 1:colcon.colcon_core.package_identification:_identify(resources/project/aPSZTDXRjCsxkLD0Rd1_fiBDTLQ) by extensions ['cmake', 'python']
[0.258s] Level 1:colcon.colcon_core.package_identification:_identify(resources/project/aPSZTDXRjCsxkLD0Rd1_fiBDTLQ) by extension 'cmake'
[0.258s] Level 1:colcon.colcon_core.package_identification:_identify(resources/project/aPSZTDXRjCsxkLD0Rd1_fiBDTLQ) by extension 'python'
[0.258s] Level 1:colcon.colcon_core.package_identification:_identify(resources/project/aPSZTDXRjCsxkLD0Rd1_fiBDTLQ) by extensions ['python_setup_py']
[0.258s] Level 1:colcon.colcon_core.package_identification:_identify(resources/project/aPSZTDXRjCsxkLD0Rd1_fiBDTLQ) by extension 'python_setup_py'
[0.258s] Level 1:colcon.colcon_core.package_identification:_identify(resources/project/fjRQtWiSIy7hIlj-Kmk87M7s21k) by extensions ['ignore', 'ignore_ament_install']
[0.258s] Level 1:colcon.colcon_core.package_identification:_identify(resources/project/fjRQtWiSIy7hIlj-Kmk87M7s21k) by extension 'ignore'
[0.258s] Level 1:colcon.colcon_core.package_identification:_identify(resources/project/fjRQtWiSIy7hIlj-Kmk87M7s21k) by extension 'ignore_ament_install'
[0.258s] Level 1:colcon.colcon_core.package_identification:_identify(resources/project/fjRQtWiSIy7hIlj-Kmk87M7s21k) by extensions ['colcon_pkg']
[0.258s] Level 1:colcon.colcon_core.package_identification:_identify(resources/project/fjRQtWiSIy7hIlj-Kmk87M7s21k) by extension 'colcon_pkg'
[0.258s] Level 1:colcon.colcon_core.package_identification:_identify(resources/project/fjRQtWiSIy7hIlj-Kmk87M7s21k) by extensions ['colcon_meta']
[0.258s] Level 1:colcon.colcon_core.package_identification:_identify(resources/project/fjRQtWiSIy7hIlj-Kmk87M7s21k) by extension 'colcon_meta'
[0.258s] Level 1:colcon.colcon_core.package_identification:_identify(resources/project/fjRQtWiSIy7hIlj-Kmk87M7s21k) by extensions ['ros']
[0.258s] Level 1:colcon.colcon_core.package_identification:_identify(resources/project/fjRQtWiSIy7hIlj-Kmk87M7s21k) by extension 'ros'
[0.258s] Level 1:colcon.colcon_core.package_identification:_identify(resources/project/fjRQtWiSIy7hIlj-Kmk87M7s21k) by extensions ['cmake', 'python']
[0.258s] Level 1:colcon.colcon_core.package_identification:_identify(resources/project/fjRQtWiSIy7hIlj-Kmk87M7s21k) by extension 'cmake'
[0.258s] Level 1:colcon.colcon_core.package_identification:_identify(resources/project/fjRQtWiSIy7hIlj-Kmk87M7s21k) by extension 'python'
[0.258s] Level 1:colcon.colcon_core.package_identification:_identify(resources/project/fjRQtWiSIy7hIlj-Kmk87M7s21k) by extensions ['python_setup_py']
[0.258s] Level 1:colcon.colcon_core.package_identification:_identify(resources/project/fjRQtWiSIy7hIlj-Kmk87M7s21k) by extension 'python_setup_py'
[0.258s] Level 1:colcon.colcon_core.package_identification:_identify(resources/project/qaw0eS1zuuY1ar9TdPn1GMfrjbQ) by extensions ['ignore', 'ignore_ament_install']
[0.258s] Level 1:colcon.colcon_core.package_identification:_identify(resources/project/qaw0eS1zuuY1ar9TdPn1GMfrjbQ) by extension 'ignore'
[0.258s] Level 1:colcon.colcon_core.package_identification:_identify(resources/project/qaw0eS1zuuY1ar9TdPn1GMfrjbQ) by extension 'ignore_ament_install'
[0.258s] Level 1:colcon.colcon_core.package_identification:_identify(resources/project/qaw0eS1zuuY1ar9TdPn1GMfrjbQ) by extensions ['colcon_pkg']
[0.258s] Level 1:colcon.colcon_core.package_identification:_identify(resources/project/qaw0eS1zuuY1ar9TdPn1GMfrjbQ) by extension 'colcon_pkg'
[0.258s] Level 1:colcon.colcon_core.package_identification:_identify(resources/project/qaw0eS1zuuY1ar9TdPn1GMfrjbQ) by extensions ['colcon_meta']
[0.258s] Level 1:colcon.colcon_core.package_identification:_identify(resources/project/qaw0eS1zuuY1ar9TdPn1GMfrjbQ) by extension 'colcon_meta'
[0.258s] Level 1:colcon.colcon_core.package_identification:_identify(resources/project/qaw0eS1zuuY1ar9TdPn1GMfrjbQ) by extensions ['ros']
[0.258s] Level 1:colcon.colcon_core.package_identification:_identify(resources/project/qaw0eS1zuuY1ar9TdPn1GMfrjbQ) by extension 'ros'
[0.258s] Level 1:colcon.colcon_core.package_identification:_identify(resources/project/qaw0eS1zuuY1ar9TdPn1GMfrjbQ) by extensions ['cmake', 'python']
[0.258s] Level 1:colcon.colcon_core.package_identification:_identify(resources/project/qaw0eS1zuuY1ar9TdPn1GMfrjbQ) by extension 'cmake'
[0.259s] Level 1:colcon.colcon_core.package_identification:_identify(resources/project/qaw0eS1zuuY1ar9TdPn1GMfrjbQ) by extension 'python'
[0.259s] Level 1:colcon.colcon_core.package_identification:_identify(resources/project/qaw0eS1zuuY1ar9TdPn1GMfrjbQ) by extensions ['python_setup_py']
[0.259s] Level 1:colcon.colcon_core.package_identification:_identify(resources/project/qaw0eS1zuuY1ar9TdPn1GMfrjbQ) by extension 'python_setup_py'
[0.259s] Level 1:colcon.colcon_core.package_identification:_identify(resources/project/rW25SbP5jRWeIzL7_iMpZrrygYk) by extensions ['ignore', 'ignore_ament_install']
[0.259s] Level 1:colcon.colcon_core.package_identification:_identify(resources/project/rW25SbP5jRWeIzL7_iMpZrrygYk) by extension 'ignore'
[0.259s] Level 1:colcon.colcon_core.package_identification:_identify(resources/project/rW25SbP5jRWeIzL7_iMpZrrygYk) by extension 'ignore_ament_install'
[0.259s] Level 1:colcon.colcon_core.package_identification:_identify(resources/project/rW25SbP5jRWeIzL7_iMpZrrygYk) by extensions ['colcon_pkg']
[0.259s] Level 1:colcon.colcon_core.package_identification:_identify(resources/project/rW25SbP5jRWeIzL7_iMpZrrygYk) by extension 'colcon_pkg'
[0.259s] Level 1:colcon.colcon_core.package_identification:_identify(resources/project/rW25SbP5jRWeIzL7_iMpZrrygYk) by extensions ['colcon_meta']
[0.259s] Level 1:colcon.colcon_core.package_identification:_identify(resources/project/rW25SbP5jRWeIzL7_iMpZrrygYk) by extension 'colcon_meta'
[0.259s] Level 1:colcon.colcon_core.package_identification:_identify(resources/project/rW25SbP5jRWeIzL7_iMpZrrygYk) by extensions ['ros']
[0.259s] Level 1:colcon.colcon_core.package_identification:_identify(resources/project/rW25SbP5jRWeIzL7_iMpZrrygYk) by extension 'ros'
[0.259s] Level 1:colcon.colcon_core.package_identification:_identify(resources/project/rW25SbP5jRWeIzL7_iMpZrrygYk) by extensions ['cmake', 'python']
[0.259s] Level 1:colcon.colcon_core.package_identification:_identify(resources/project/rW25SbP5jRWeIzL7_iMpZrrygYk) by extension 'cmake'
[0.259s] Level 1:colcon.colcon_core.package_identification:_identify(resources/project/rW25SbP5jRWeIzL7_iMpZrrygYk) by extension 'python'
[0.259s] Level 1:colcon.colcon_core.package_identification:_identify(resources/project/rW25SbP5jRWeIzL7_iMpZrrygYk) by extensions ['python_setup_py']
[0.259s] Level 1:colcon.colcon_core.package_identification:_identify(resources/project/rW25SbP5jRWeIzL7_iMpZrrygYk) by extension 'python_setup_py'
[0.259s] Level 1:colcon.colcon_core.package_identification:_identify(resources/project/root) by extensions ['ignore', 'ignore_ament_install']
[0.259s] Level 1:colcon.colcon_core.package_identification:_identify(resources/project/root) by extension 'ignore'
[0.259s] Level 1:colcon.colcon_core.package_identification:_identify(resources/project/root) by extension 'ignore_ament_install'
[0.259s] Level 1:colcon.colcon_core.package_identification:_identify(resources/project/root) by extensions ['colcon_pkg']
[0.259s] Level 1:colcon.colcon_core.package_identification:_identify(resources/project/root) by extension 'colcon_pkg'
[0.259s] Level 1:colcon.colcon_core.package_identification:_identify(resources/project/root) by extensions ['colcon_meta']
[0.259s] Level 1:colcon.colcon_core.package_identification:_identify(resources/project/root) by extension 'colcon_meta'
[0.259s] Level 1:colcon.colcon_core.package_identification:_identify(resources/project/root) by extensions ['ros']
[0.259s] Level 1:colcon.colcon_core.package_identification:_identify(resources/project/root) by extension 'ros'
[0.259s] Level 1:colcon.colcon_core.package_identification:_identify(resources/project/root) by extensions ['cmake', 'python']
[0.259s] Level 1:colcon.colcon_core.package_identification:_identify(resources/project/root) by extension 'cmake'
[0.259s] Level 1:colcon.colcon_core.package_identification:_identify(resources/project/root) by extension 'python'
[0.260s] Level 1:colcon.colcon_core.package_identification:_identify(resources/project/root) by extensions ['python_setup_py']
[0.260s] Level 1:colcon.colcon_core.package_identification:_identify(resources/project/root) by extension 'python_setup_py'
[0.260s] Level 1:colcon.colcon_core.package_identification:_identify(resources/project/udU8rbKAXzO69qgDve9uQUSw6no) by extensions ['ignore', 'ignore_ament_install']
[0.260s] Level 1:colcon.colcon_core.package_identification:_identify(resources/project/udU8rbKAXzO69qgDve9uQUSw6no) by extension 'ignore'
[0.260s] Level 1:colcon.colcon_core.package_identification:_identify(resources/project/udU8rbKAXzO69qgDve9uQUSw6no) by extension 'ignore_ament_install'
[0.260s] Level 1:colcon.colcon_core.package_identification:_identify(resources/project/udU8rbKAXzO69qgDve9uQUSw6no) by extensions ['colcon_pkg']
[0.260s] Level 1:colcon.colcon_core.package_identification:_identify(resources/project/udU8rbKAXzO69qgDve9uQUSw6no) by extension 'colcon_pkg'
[0.260s] Level 1:colcon.colcon_core.package_identification:_identify(resources/project/udU8rbKAXzO69qgDve9uQUSw6no) by extensions ['colcon_meta']
[0.260s] Level 1:colcon.colcon_core.package_identification:_identify(resources/project/udU8rbKAXzO69qgDve9uQUSw6no) by extension 'colcon_meta'
[0.260s] Level 1:colcon.colcon_core.package_identification:_identify(resources/project/udU8rbKAXzO69qgDve9uQUSw6no) by extensions ['ros']
[0.260s] Level 1:colcon.colcon_core.package_identification:_identify(resources/project/udU8rbKAXzO69qgDve9uQUSw6no) by extension 'ros'
[0.260s] Level 1:colcon.colcon_core.package_identification:_identify(resources/project/udU8rbKAXzO69qgDve9uQUSw6no) by extensions ['cmake', 'python']
[0.260s] Level 1:colcon.colcon_core.package_identification:_identify(resources/project/udU8rbKAXzO69qgDve9uQUSw6no) by extension 'cmake'
[0.260s] Level 1:colcon.colcon_core.package_identification:_identify(resources/project/udU8rbKAXzO69qgDve9uQUSw6no) by extension 'python'
[0.260s] Level 1:colcon.colcon_core.package_identification:_identify(resources/project/udU8rbKAXzO69qgDve9uQUSw6no) by extensions ['python_setup_py']
[0.260s] Level 1:colcon.colcon_core.package_identification:_identify(resources/project/udU8rbKAXzO69qgDve9uQUSw6no) by extension 'python_setup_py'
[0.260s] Level 1:colcon.colcon_core.package_identification:_identify(resources/project/zHFs8A7N4y0q-lvj1B3DWEKaQjk) by extensions ['ignore', 'ignore_ament_install']
[0.260s] Level 1:colcon.colcon_core.package_identification:_identify(resources/project/zHFs8A7N4y0q-lvj1B3DWEKaQjk) by extension 'ignore'
[0.260s] Level 1:colcon.colcon_core.package_identification:_identify(resources/project/zHFs8A7N4y0q-lvj1B3DWEKaQjk) by extension 'ignore_ament_install'
[0.260s] Level 1:colcon.colcon_core.package_identification:_identify(resources/project/zHFs8A7N4y0q-lvj1B3DWEKaQjk) by extensions ['colcon_pkg']
[0.260s] Level 1:colcon.colcon_core.package_identification:_identify(resources/project/zHFs8A7N4y0q-lvj1B3DWEKaQjk) by extension 'colcon_pkg'
[0.260s] Level 1:colcon.colcon_core.package_identification:_identify(resources/project/zHFs8A7N4y0q-lvj1B3DWEKaQjk) by extensions ['colcon_meta']
[0.260s] Level 1:colcon.colcon_core.package_identification:_identify(resources/project/zHFs8A7N4y0q-lvj1B3DWEKaQjk) by extension 'colcon_meta'
[0.260s] Level 1:colcon.colcon_core.package_identification:_identify(resources/project/zHFs8A7N4y0q-lvj1B3DWEKaQjk) by extensions ['ros']
[0.260s] Level 1:colcon.colcon_core.package_identification:_identify(resources/project/zHFs8A7N4y0q-lvj1B3DWEKaQjk) by extension 'ros'
[0.260s] Level 1:colcon.colcon_core.package_identification:_identify(resources/project/zHFs8A7N4y0q-lvj1B3DWEKaQjk) by extensions ['cmake', 'python']
[0.260s] Level 1:colcon.colcon_core.package_identification:_identify(resources/project/zHFs8A7N4y0q-lvj1B3DWEKaQjk) by extension 'cmake'
[0.260s] Level 1:colcon.colcon_core.package_identification:_identify(resources/project/zHFs8A7N4y0q-lvj1B3DWEKaQjk) by extension 'python'
[0.260s] Level 1:colcon.colcon_core.package_identification:_identify(resources/project/zHFs8A7N4y0q-lvj1B3DWEKaQjk) by extensions ['python_setup_py']
[0.260s] Level 1:colcon.colcon_core.package_identification:_identify(resources/project/zHFs8A7N4y0q-lvj1B3DWEKaQjk) by extension 'python_setup_py'
[0.261s] Level 1:colcon.colcon_core.package_identification:_identify(worlds) by extensions ['ignore', 'ignore_ament_install']
[0.261s] Level 1:colcon.colcon_core.package_identification:_identify(worlds) by extension 'ignore'
[0.261s] Level 1:colcon.colcon_core.package_identification:_identify(worlds) by extension 'ignore_ament_install'
[0.261s] Level 1:colcon.colcon_core.package_identification:_identify(worlds) by extensions ['colcon_pkg']
[0.261s] Level 1:colcon.colcon_core.package_identification:_identify(worlds) by extension 'colcon_pkg'
[0.261s] Level 1:colcon.colcon_core.package_identification:_identify(worlds) by extensions ['colcon_meta']
[0.261s] Level 1:colcon.colcon_core.package_identification:_identify(worlds) by extension 'colcon_meta'
[0.261s] Level 1:colcon.colcon_core.package_identification:_identify(worlds) by extensions ['ros']
[0.261s] Level 1:colcon.colcon_core.package_identification:_identify(worlds) by extension 'ros'
[0.261s] Level 1:colcon.colcon_core.package_identification:_identify(worlds) by extensions ['cmake', 'python']
[0.261s] Level 1:colcon.colcon_core.package_identification:_identify(worlds) by extension 'cmake'
[0.261s] Level 1:colcon.colcon_core.package_identification:_identify(worlds) by extension 'python'
[0.261s] Level 1:colcon.colcon_core.package_identification:_identify(worlds) by extensions ['python_setup_py']
[0.261s] Level 1:colcon.colcon_core.package_identification:_identify(worlds) by extension 'python_setup_py'
[0.261s] Level 1:colcon.colcon_core.package_discovery:discover_packages(recursive) using defaults
[0.261s] Level 1:colcon.colcon_core.package_discovery:discover_packages(ignore) discover
[0.261s] Level 1:colcon.colcon_core.package_discovery:discover_packages(ignore) using defaults
[0.261s] Level 1:colcon.colcon_core.package_discovery:discover_packages(path) discover
[0.261s] Level 1:colcon.colcon_core.package_discovery:discover_packages(path) using defaults
[0.278s] Level 1:colcon.colcon_core.package_discovery:discover_packages(prefix_path) check parameters
[0.278s] Level 1:colcon.colcon_core.package_discovery:discover_packages(prefix_path) discover
[0.281s] DEBUG:colcon.colcon_installed_package_information.package_discovery:Found 7 installed packages in /home/tracy/ros2_ws/install
[0.283s] DEBUG:colcon.colcon_installed_package_information.package_discovery:Found 505 installed packages in /opt/ros/jazzy
[0.284s] Level 1:colcon.colcon_core.package_discovery:discover_packages(prefix_path) using defaults
[0.377s] Level 5:colcon.colcon_core.verb:set package 'quadruped_smc_ros2' build argument 'cmake_args' from command line to 'None'
[0.377s] Level 5:colcon.colcon_core.verb:set package 'quadruped_smc_ros2' build argument 'cmake_target' from command line to 'None'
[0.377s] Level 5:colcon.colcon_core.verb:set package 'quadruped_smc_ros2' build argument 'cmake_target_skip_unavailable' from command line to 'False'
[0.378s] Level 5:colcon.colcon_core.verb:set package 'quadruped_smc_ros2' build argument 'cmake_clean_cache' from command line to 'False'
[0.378s] Level 5:colcon.colcon_core.verb:set package 'quadruped_smc_ros2' build argument 'cmake_clean_first' from command line to 'False'
[0.378s] Level 5:colcon.colcon_core.verb:set package 'quadruped_smc_ros2' build argument 'cmake_force_configure' from command line to 'False'
[0.378s] Level 5:colcon.colcon_core.verb:set package 'quadruped_smc_ros2' build argument 'ament_cmake_args' from command line to 'None'
[0.378s] Level 5:colcon.colcon_core.verb:set package 'quadruped_smc_ros2' build argument 'catkin_cmake_args' from command line to 'None'
[0.378s] Level 5:colcon.colcon_core.verb:set package 'quadruped_smc_ros2' build argument 'catkin_skip_building_tests' from command line to 'False'
[0.378s] DEBUG:colcon.colcon_core.verb:Building package 'quadruped_smc_ros2' with the following arguments: {'ament_cmake_args': None, 'build_base': '/home/tracy/Quadruped-Robot/build/quadruped_smc_ros2', 'catkin_cmake_args': None, 'catkin_skip_building_tests': False, 'cmake_args': None, 'cmake_clean_cache': False, 'cmake_clean_first': False, 'cmake_force_configure': False, 'cmake_target': None, 'cmake_target_skip_unavailable': False, 'install_base': '/home/tracy/Quadruped-Robot/install/quadruped_smc_ros2', 'merge_install': False, 'path': '/home/tracy/Quadruped-Robot/quadruped_smc_ros2', 'symlink_install': False, 'test_result_base': None}
[0.378s] INFO:colcon.colcon_core.executor:Executing jobs using 'parallel' executor
[0.378s] DEBUG:colcon.colcon_parallel_executor.executor.parallel:run_until_complete
[0.379s] INFO:colcon.colcon_ros.task.ament_cmake.build:Building ROS package in '/home/tracy/Quadruped-Robot/quadruped_smc_ros2' with build type 'ament_cmake'
[0.379s] INFO:colcon.colcon_cmake.task.cmake.build:Building CMake package in '/home/tracy/Quadruped-Robot/quadruped_smc_ros2'
[0.382s] INFO:colcon.colcon_core.plugin_system:Skipping extension 'colcon_core.shell.bat': Not used on non-Windows systems
[0.382s] INFO:colcon.colcon_core.shell:Skip shell extension 'powershell' for command environment: Not usable outside of PowerShell
[0.382s] DEBUG:colcon.colcon_core.shell:Skip shell extension 'dsv' for command environment
[0.391s] DEBUG:colcon.colcon_core.event_handler.log_command:Invoking command in '/home/tracy/Quadruped-Robot/build/quadruped_smc_ros2': CMAKE_PREFIX_PATH=${CMAKE_PREFIX_PATH}:/opt/ros/jazzy DEBUGINFOD_URLS=https://debuginfod.ubuntu.com /usr/bin/cmake --build /home/tracy/Quadruped-Robot/build/quadruped_smc_ros2 -- -j16 -l16
[4.511s] DEBUG:colcon.colcon_core.event_handler.log_command:Invoked command in '/home/tracy/Quadruped-Robot/build/quadruped_smc_ros2' returned '0': CMAKE_PREFIX_PATH=${CMAKE_PREFIX_PATH}:/opt/ros/jazzy DEBUGINFOD_URLS=https://debuginfod.ubuntu.com /usr/bin/cmake --build /home/tracy/Quadruped-Robot/build/quadruped_smc_ros2 -- -j16 -l16
[4.521s] DEBUG:colcon.colcon_core.event_handler.log_command:Invoking command in '/home/tracy/Quadruped-Robot/build/quadruped_smc_ros2': CMAKE_PREFIX_PATH=${CMAKE_PREFIX_PATH}:/opt/ros/jazzy DEBUGINFOD_URLS=https://debuginfod.ubuntu.com /usr/bin/cmake --install /home/tracy/Quadruped-Robot/build/quadruped_smc_ros2
[4.540s] Level 1:colcon.colcon_core.environment:create_environment_scripts_only(quadruped_smc_ros2)
[4.541s] DEBUG:colcon.colcon_core.event_handler.log_command:Invoked command in '/home/tracy/Quadruped-Robot/build/quadruped_smc_ros2' returned '0': CMAKE_PREFIX_PATH=${CMAKE_PREFIX_PATH}:/opt/ros/jazzy DEBUGINFOD_URLS=https://debuginfod.ubuntu.com /usr/bin/cmake --install /home/tracy/Quadruped-Robot/build/quadruped_smc_ros2
[4.543s] Level 1:colcon.colcon_core.environment:checking '/home/tracy/Quadruped-Robot/install/quadruped_smc_ros2' for CMake module files
[4.544s] Level 1:colcon.colcon_core.environment:checking '/home/tracy/Quadruped-Robot/install/quadruped_smc_ros2' for CMake config files
[4.544s] Level 1:colcon.colcon_core.shell:create_environment_hook('quadruped_smc_ros2', 'cmake_prefix_path')
[4.544s] INFO:colcon.colcon_core.shell:Creating environment hook '/home/tracy/Quadruped-Robot/install/quadruped_smc_ros2/share/quadruped_smc_ros2/hook/cmake_prefix_path.ps1'
[4.545s] INFO:colcon.colcon_core.shell:Creating environment descriptor '/home/tracy/Quadruped-Robot/install/quadruped_smc_ros2/share/quadruped_smc_ros2/hook/cmake_prefix_path.dsv'
[4.545s] INFO:colcon.colcon_core.shell:Creating environment hook '/home/tracy/Quadruped-Robot/install/quadruped_smc_ros2/share/quadruped_smc_ros2/hook/cmake_prefix_path.sh'
[4.546s] Level 1:colcon.colcon_core.environment:checking '/home/tracy/Quadruped-Robot/install/quadruped_smc_ros2/lib'
[4.546s] Level 1:colcon.colcon_core.shell:create_environment_hook('quadruped_smc_ros2', 'ld_library_path_lib')
[4.546s] INFO:colcon.colcon_core.shell:Creating environment hook '/home/tracy/Quadruped-Robot/install/quadruped_smc_ros2/share/quadruped_smc_ros2/hook/ld_library_path_lib.ps1'
[4.546s] INFO:colcon.colcon_core.shell:Creating environment descriptor '/home/tracy/Quadruped-Robot/install/quadruped_smc_ros2/share/quadruped_smc_ros2/hook/ld_library_path_lib.dsv'
[4.547s] INFO:colcon.colcon_core.shell:Creating environment hook '/home/tracy/Quadruped-Robot/install/quadruped_smc_ros2/share/quadruped_smc_ros2/hook/ld_library_path_lib.sh'
[4.547s] Level 1:colcon.colcon_core.environment:checking '/home/tracy/Quadruped-Robot/install/quadruped_smc_ros2/bin'
[4.547s] Level 1:colcon.colcon_core.environment:checking '/home/tracy/Quadruped-Robot/install/quadruped_smc_ros2/lib/pkgconfig/quadruped_smc_ros2.pc'
[4.547s] Level 1:colcon.colcon_core.environment:checking '/home/tracy/Quadruped-Robot/install/quadruped_smc_ros2/lib/python3.12/site-packages'
[4.547s] Level 1:colcon.colcon_core.environment:checking '/home/tracy/Quadruped-Robot/install/quadruped_smc_ros2/bin'
[4.547s] INFO:colcon.colcon_core.shell:Creating package script '/home/tracy/Quadruped-Robot/install/quadruped_smc_ros2/share/quadruped_smc_ros2/package.ps1'
[4.548s] INFO:colcon.colcon_core.shell:Creating package descriptor '/home/tracy/Quadruped-Robot/install/quadruped_smc_ros2/share/quadruped_smc_ros2/package.dsv'
[4.549s] INFO:colcon.colcon_core.shell:Creating package script '/home/tracy/Quadruped-Robot/install/quadruped_smc_ros2/share/quadruped_smc_ros2/package.sh'
[4.549s] INFO:colcon.colcon_core.shell:Creating package script '/home/tracy/Quadruped-Robot/install/quadruped_smc_ros2/share/quadruped_smc_ros2/package.bash'
[4.550s] INFO:colcon.colcon_core.shell:Creating package script '/home/tracy/Quadruped-Robot/install/quadruped_smc_ros2/share/quadruped_smc_ros2/package.zsh'
[4.550s] Level 1:colcon.colcon_core.environment:create_file_with_runtime_dependencies(/home/tracy/Quadruped-Robot/install/quadruped_smc_ros2/share/colcon-core/packages/quadruped_smc_ros2)
[4.551s] Level 1:colcon.colcon_core.environment:create_environment_scripts_only(quadruped_smc_ros2)
[4.551s] Level 1:colcon.colcon_core.environment:checking '/home/tracy/Quadruped-Robot/install/quadruped_smc_ros2' for CMake module files
[4.551s] Level 1:colcon.colcon_core.environment:checking '/home/tracy/Quadruped-Robot/install/quadruped_smc_ros2' for CMake config files
[4.551s] Level 1:colcon.colcon_core.shell:create_environment_hook('quadruped_smc_ros2', 'cmake_prefix_path')
[4.551s] INFO:colcon.colcon_core.shell:Creating environment hook '/home/tracy/Quadruped-Robot/install/quadruped_smc_ros2/share/quadruped_smc_ros2/hook/cmake_prefix_path.ps1'
[4.552s] INFO:colcon.colcon_core.shell:Creating environment descriptor '/home/tracy/Quadruped-Robot/install/quadruped_smc_ros2/share/quadruped_smc_ros2/hook/cmake_prefix_path.dsv'
[4.552s] INFO:colcon.colcon_core.shell:Creating environment hook '/home/tracy/Quadruped-Robot/install/quadruped_smc_ros2/share/quadruped_smc_ros2/hook/cmake_prefix_path.sh'
[4.553s] Level 1:colcon.colcon_core.environment:checking '/home/tracy/Quadruped-Robot/install/quadruped_smc_ros2/lib'
[4.553s] Level 1:colcon.colcon_core.shell:create_environment_hook('quadruped_smc_ros2', 'ld_library_path_lib')
[4.553s] INFO:colcon.colcon_core.shell:Creating environment hook '/home/tracy/Quadruped-Robot/install/quadruped_smc_ros2/share/quadruped_smc_ros2/hook/ld_library_path_lib.ps1'
[4.553s] INFO:colcon.colcon_core.shell:Creating environment descriptor '/home/tracy/Quadruped-Robot/install/quadruped_smc_ros2/share/quadruped_smc_ros2/hook/ld_library_path_lib.dsv'
[4.553s] INFO:colcon.colcon_core.shell:Creating environment hook '/home/tracy/Quadruped-Robot/install/quadruped_smc_ros2/share/quadruped_smc_ros2/hook/ld_library_path_lib.sh'
[4.554s] Level 1:colcon.colcon_core.environment:checking '/home/tracy/Quadruped-Robot/install/quadruped_smc_ros2/bin'
[4.554s] Level 1:colcon.colcon_core.environment:checking '/home/tracy/Quadruped-Robot/install/quadruped_smc_ros2/lib/pkgconfig/quadruped_smc_ros2.pc'
[4.554s] Level 1:colcon.colcon_core.environment:checking '/home/tracy/Quadruped-Robot/install/quadruped_smc_ros2/lib/python3.12/site-packages'
[4.554s] Level 1:colcon.colcon_core.environment:checking '/home/tracy/Quadruped-Robot/install/quadruped_smc_ros2/bin'
[4.554s] INFO:colcon.colcon_core.shell:Creating package script '/home/tracy/Quadruped-Robot/install/quadruped_smc_ros2/share/quadruped_smc_ros2/package.ps1'
[4.555s] INFO:colcon.colcon_core.shell:Creating package descriptor '/home/tracy/Quadruped-Robot/install/quadruped_smc_ros2/share/quadruped_smc_ros2/package.dsv'
[4.555s] INFO:colcon.colcon_core.shell:Creating package script '/home/tracy/Quadruped-Robot/install/quadruped_smc_ros2/share/quadruped_smc_ros2/package.sh'
[4.555s] INFO:colcon.colcon_core.shell:Creating package script '/home/tracy/Quadruped-Robot/install/quadruped_smc_ros2/share/quadruped_smc_ros2/package.bash'
[4.556s] INFO:colcon.colcon_core.shell:Creating package script '/home/tracy/Quadruped-Robot/install/quadruped_smc_ros2/share/quadruped_smc_ros2/package.zsh'
[4.556s] Level 1:colcon.colcon_core.environment:create_file_with_runtime_dependencies(/home/tracy/Quadruped-Robot/install/quadruped_smc_ros2/share/colcon-core/packages/quadruped_smc_ros2)
[4.556s] DEBUG:colcon.colcon_parallel_executor.executor.parallel:closing loop
[4.556s] DEBUG:colcon.colcon_parallel_executor.executor.parallel:loop closed
[4.557s] DEBUG:colcon.colcon_parallel_executor.executor.parallel:run_until_complete finished with '0'
[4.557s] DEBUG:colcon.colcon_core.event_reactor:joining thread
[4.563s] INFO:colcon.colcon_core.plugin_system:Skipping extension 'colcon_notification.desktop_notification.terminal_notifier': Not used on non-Darwin systems
[4.563s] INFO:colcon.colcon_core.plugin_system:Skipping extension 'colcon_notification.desktop_notification.win32': Not used on non-Windows systems
[4.563s] INFO:colcon.colcon_notification.desktop_notification:Sending desktop notification using 'notify2'
[4.575s] DEBUG:colcon.colcon_core.event_reactor:joined thread
[4.575s] INFO:colcon.colcon_core.shell:Creating prefix script '/home/tracy/Quadruped-Robot/install/local_setup.ps1'
[4.576s] INFO:colcon.colcon_core.shell:Creating prefix util module '/home/tracy/Quadruped-Robot/install/_local_setup_util_ps1.py'
[4.577s] INFO:colcon.colcon_core.shell:Creating prefix chain script '/home/tracy/Quadruped-Robot/install/setup.ps1'
[4.578s] INFO:colcon.colcon_core.shell:Creating prefix script '/home/tracy/Quadruped-Robot/install/local_setup.sh'
[4.579s] INFO:colcon.colcon_core.shell:Creating prefix util module '/home/tracy/Quadruped-Robot/install/_local_setup_util_sh.py'
[4.579s] INFO:colcon.colcon_core.shell:Creating prefix chain script '/home/tracy/Quadruped-Robot/install/setup.sh'
[4.580s] INFO:colcon.colcon_core.shell:Creating prefix script '/home/tracy/Quadruped-Robot/install/local_setup.bash'
[4.581s] INFO:colcon.colcon_core.shell:Creating prefix chain script '/home/tracy/Quadruped-Robot/install/setup.bash'
[4.582s] INFO:colcon.colcon_core.shell:Creating prefix script '/home/tracy/Quadruped-Robot/install/local_setup.zsh'
[4.582s] INFO:colcon.colcon_core.shell:Creating prefix chain script '/home/tracy/Quadruped-Robot/install/setup.zsh'
