-- The C compiler identification is GNU 13.3.0
-- The CXX compiler identification is GNU 13.3.0
-- Detecting C compiler ABI info
-- Detecting C compiler ABI info - done
-- Check for working C compiler: /usr/bin/cc - skipped
-- Detecting C compile features
-- Detecting C compile features - done
-- Detecting CXX compiler ABI info
-- Detecting CXX compiler ABI info - done
-- Check for working CXX compiler: /usr/bin/c++ - skipped
-- Detecting CXX compile features
-- Detecting CXX compile features - done
-- Found ament_cmake: 2.5.4 (/opt/ros/jazzy/share/ament_cmake/cmake)
-- Found Python3: /usr/bin/python3 (found version "3.12.3") found components: Interpreter 
-- Found rclcpp: 28.1.11 (/opt/ros/jazzy/share/rclcpp/cmake)
-- Found rosidl_generator_c: 4.6.6 (/opt/ros/jazzy/share/rosidl_generator_c/cmake)
-- Found rosidl_generator_cpp: 4.6.6 (/opt/ros/jazzy/share/rosidl_generator_cpp/cmake)
-- Using all available rosidl_typesupport_c: rosidl_typesupport_fastrtps_c;rosidl_typesupport_introspection_c
-- Using all available rosidl_typesupport_cpp: rosidl_typesupport_fastrtps_cpp;rosidl_typesupport_introspection_cpp
-- Found rmw_implementation_cmake: 7.3.2 (/opt/ros/jazzy/share/rmw_implementation_cmake/cmake)
-- Found rmw_fastrtps_cpp: 8.4.3 (/opt/ros/jazzy/share/rmw_fastrtps_cpp/cmake)
-- Found OpenSSL: /usr/lib/x86_64-linux-gnu/libcrypto.so (found version "3.0.13")  
-- Found FastRTPS: /opt/ros/jazzy/include (Required is at least version "2.13") 
-- Using RMW implementation 'rmw_fastrtps_cpp' as default
-- Found std_msgs: 5.3.6 (/opt/ros/jazzy/share/std_msgs/cmake)
-- Found sensor_msgs: 5.3.6 (/opt/ros/jazzy/share/sensor_msgs/cmake)
-- Found pluginlib: 5.4.2 (/opt/ros/jazzy/share/pluginlib/cmake)
-- Found webots_ros2_driver: 2025.0.0 (/opt/ros/jazzy/share/webots_ros2_driver/cmake)
-- Found eigen3_cmake_module: 0.3.0 (/opt/ros/jazzy/share/eigen3_cmake_module/cmake)
-- Found Eigen3: TRUE (found version "3.4.0") 
-- Ensuring Eigen3 include directory is part of orocos-kdl CMake target
-- Found ament_lint_auto: 0.17.3 (/opt/ros/jazzy/share/ament_lint_auto/cmake)
-- Added test 'copyright' to check source files copyright and LICENSE
-- Added test 'cppcheck' to perform static code analysis on C / C++ code
-- Configured cppcheck include dirs: $<BUILD_INTERFACE:/home/tracy/Quadruped-Robot/quadruped_smc_ros2/include>
-- Configured cppcheck exclude dirs and/or files: 
-- Added test 'cpplint' to check C / C++ code against the Google style
-- Configured cpplint exclude dirs and/or files: 
-- Added test 'flake8' to check Python code syntax and style conventions
-- Configured 'flake8' exclude dirs and/or files: 
-- Added test 'lint_cmake' to check CMake code style
-- Added test 'pep257' to check Python code against some of the docstring style conventions in PEP 257
-- Added test 'uncrustify' to check C / C++ code style
-- Configured uncrustify additional arguments: 
-- Added test 'xmllint' to check XML markup files
-- Configuring done (1.7s)
-- Generating done (0.0s)
-- Build files have been written to: /home/tracy/Quadruped-Robot/build/quadruped_smc_ros2
[ 42%] [32mBuilding CXX object CMakeFiles/quadruped_smc_ros2.dir/src/quadruped_driver.cpp.o[0m
[ 42%] [32mBuilding C object CMakeFiles/quadruped_smc_ros2.dir/src/SMC_controller.c.o[0m
[ 57%] [32mBuilding C object CMakeFiles/quadruped_smc_ros2.dir/src/SMC_controller_terminate.c.o[0m
[ 57%] [32mBuilding CXX object CMakeFiles/gait_keyboard_node.dir/src/gait_keyboard_node.cpp.o[0m
[ 71%] [32mBuilding C object CMakeFiles/quadruped_smc_ros2.dir/src/SMC_controller_initialize.c.o[0m
[01m[K/home/tracy/Quadruped-Robot/quadruped_smc_ros2/src/gait_keyboard_node.cpp:[m[K In function ‘[01m[Kchar[01;32m[K getKeyNonBlocking[m[K()[m[K’:
[01m[K/home/tracy/Quadruped-Robot/quadruped_smc_ros2/src/gait_keyboard_node.cpp:33:9:[m[K [01;35m[Kwarning: [m[Kignoring return value of ‘[01m[Kssize_t[01;32m[K read[m[K(int, void*, size_t)[m[K’ declared with attribute ‘[01m[Kwarn_unused_result[m[K’ [[01;35m[K]8;;https://gcc.gnu.org/onlinedocs/gcc/Warning-Options.html#index-Wunused-result-Wunused-result]8;;[m[K]
   33 |     [01;35m[Kread(STDIN_FILENO, &ch, 1)[m[K;
      |     [01;35m[K~~~~^~~~~~~~~~~~~~~~~~~~~~[m[K
[ 85%] [32m[1mLinking CXX executable gait_keyboard_node[0m
[ 85%] Built target gait_keyboard_node
[100%] [32m[1mLinking CXX shared library libquadruped_smc_ros2.so[0m
[100%] Built target quadruped_smc_ros2
-- Install configuration: ""
-- Installing: /home/tracy/Quadruped-Robot/install/quadruped_smc_ros2/share/quadruped_smc_ros2/plugin.xml
-- Installing: /home/tracy/Quadruped-Robot/install/quadruped_smc_ros2/lib/libquadruped_smc_ros2.so
-- Set non-toolchain portion of runtime path of "/home/tracy/Quadruped-Robot/install/quadruped_smc_ros2/lib/libquadruped_smc_ros2.so" to ""
-- Installing: /home/tracy/Quadruped-Robot/install/quadruped_smc_ros2/lib/quadruped_smc_ros2/gait_keyboard_node
-- Set non-toolchain portion of runtime path of "/home/tracy/Quadruped-Robot/install/quadruped_smc_ros2/lib/quadruped_smc_ros2/gait_keyboard_node" to ""
-- Installing: /home/tracy/Quadruped-Robot/install/quadruped_smc_ros2/include
-- Installing: /home/tracy/Quadruped-Robot/install/quadruped_smc_ros2/include/quadruped_smc_ros2
-- Installing: /home/tracy/Quadruped-Robot/install/quadruped_smc_ros2/include/quadruped_smc_ros2/rtwtypes.h
-- Installing: /home/tracy/Quadruped-Robot/install/quadruped_smc_ros2/include/quadruped_smc_ros2/SMC_controller.h
-- Installing: /home/tracy/Quadruped-Robot/install/quadruped_smc_ros2/include/quadruped_smc_ros2/LegController2.hpp
-- Installing: /home/tracy/Quadruped-Robot/install/quadruped_smc_ros2/include/quadruped_smc_ros2/quadruped_driver.hpp
-- Installing: /home/tracy/Quadruped-Robot/install/quadruped_smc_ros2/include/quadruped_smc_ros2/GaitPlanner.hpp
-- Installing: /home/tracy/Quadruped-Robot/install/quadruped_smc_ros2/include/quadruped_smc_ros2/SMC_controller_terminate.h
-- Installing: /home/tracy/Quadruped-Robot/install/quadruped_smc_ros2/include/quadruped_smc_ros2/SMC_controller_initialize.h
-- Installing: /home/tracy/Quadruped-Robot/install/quadruped_smc_ros2/share/quadruped_smc_ros2//launch
-- Installing: /home/tracy/Quadruped-Robot/install/quadruped_smc_ros2/share/quadruped_smc_ros2//launch/robot_launch.py
-- Installing: /home/tracy/Quadruped-Robot/install/quadruped_smc_ros2/share/quadruped_smc_ros2//launch/sequence_launch.py
-- Installing: /home/tracy/Quadruped-Robot/install/quadruped_smc_ros2/share/quadruped_smc_ros2//config
-- Installing: /home/tracy/Quadruped-Robot/install/quadruped_smc_ros2/share/quadruped_smc_ros2//config/smc_params.yaml
-- Installing: /home/tracy/Quadruped-Robot/install/quadruped_smc_ros2/share/quadruped_smc_ros2//urdf
-- Installing: /home/tracy/Quadruped-Robot/install/quadruped_smc_ros2/share/quadruped_smc_ros2//urdf/robot_description.urdf
-- Installing: /home/tracy/Quadruped-Robot/install/quadruped_smc_ros2/share/quadruped_smc_ros2//resource
-- Installing: /home/tracy/Quadruped-Robot/install/quadruped_smc_ros2/share/quadruped_smc_ros2//resource/robot_8dof.wbt
-- Installing: /home/tracy/Quadruped-Robot/install/quadruped_smc_ros2/share/quadruped_smc_ros2//resource/.robot_8dof.wbproj
-- Up-to-date: /home/tracy/Quadruped-Robot/install/quadruped_smc_ros2/share/quadruped_smc_ros2/plugin.xml
-- Installing: /home/tracy/Quadruped-Robot/install/quadruped_smc_ros2/share/ament_index/resource_index/package_run_dependencies/quadruped_smc_ros2
-- Installing: /home/tracy/Quadruped-Robot/install/quadruped_smc_ros2/share/ament_index/resource_index/parent_prefix_path/quadruped_smc_ros2
-- Installing: /home/tracy/Quadruped-Robot/install/quadruped_smc_ros2/share/quadruped_smc_ros2/environment/ament_prefix_path.sh
-- Installing: /home/tracy/Quadruped-Robot/install/quadruped_smc_ros2/share/quadruped_smc_ros2/environment/ament_prefix_path.dsv
-- Installing: /home/tracy/Quadruped-Robot/install/quadruped_smc_ros2/share/quadruped_smc_ros2/environment/path.sh
-- Installing: /home/tracy/Quadruped-Robot/install/quadruped_smc_ros2/share/quadruped_smc_ros2/environment/path.dsv
-- Installing: /home/tracy/Quadruped-Robot/install/quadruped_smc_ros2/share/quadruped_smc_ros2/local_setup.bash
-- Installing: /home/tracy/Quadruped-Robot/install/quadruped_smc_ros2/share/quadruped_smc_ros2/local_setup.sh
-- Installing: /home/tracy/Quadruped-Robot/install/quadruped_smc_ros2/share/quadruped_smc_ros2/local_setup.zsh
-- Installing: /home/tracy/Quadruped-Robot/install/quadruped_smc_ros2/share/quadruped_smc_ros2/local_setup.dsv
-- Installing: /home/tracy/Quadruped-Robot/install/quadruped_smc_ros2/share/quadruped_smc_ros2/package.dsv
-- Installing: /home/tracy/Quadruped-Robot/install/quadruped_smc_ros2/share/ament_index/resource_index/packages/quadruped_smc_ros2
-- Installing: /home/tracy/Quadruped-Robot/install/quadruped_smc_ros2/share/ament_index/resource_index/webots_ros2_driver__pluginlib__plugin/quadruped_smc_ros2
-- Installing: /home/tracy/Quadruped-Robot/install/quadruped_smc_ros2/share/quadruped_smc_ros2/cmake/quadruped_smc_ros2Config.cmake
-- Installing: /home/tracy/Quadruped-Robot/install/quadruped_smc_ros2/share/quadruped_smc_ros2/cmake/quadruped_smc_ros2Config-version.cmake
-- Installing: /home/tracy/Quadruped-Robot/install/quadruped_smc_ros2/share/quadruped_smc_ros2/package.xml
