[0.205s] DEBUG:colcon:Command line arguments: ['/usr/bin/colcon', 'build']
[0.205s] DEBUG:colcon:Parsed command line arguments: Namespace(log_base=None, log_level=None, verb_name='build', build_base='build', install_base='install', merge_install=False, symlink_install=False, test_result_base=None, continue_on_error=False, executor='parallel', parallel_workers=16, event_handlers=None, ignore_user_meta=False, metas=['./colcon.meta'], base_paths=['.'], packages_ignore=None, packages_ignore_regex=None, paths=None, packages_up_to=None, packages_up_to_regex=None, packages_above=None, packages_above_and_dependencies=None, packages_above_depth=None, packages_select_by_dep=None, packages_skip_by_dep=None, packages_skip_up_to=None, packages_select_build_failed=False, packages_skip_build_finished=False, packages_select_test_failures=False, packages_skip_test_passed=False, packages_select=None, packages_skip=None, packages_select_regex=None, packages_skip_regex=None, packages_start=None, packages_end=None, allow_overriding=[], cmake_args=None, cmake_target=None, cmake_target_skip_unavailable=False, cmake_clean_cache=False, cmake_clean_first=False, cmake_force_configure=False, ament_cmake_args=None, catkin_cmake_args=None, catkin_skip_building_tests=False, mixin_files=None, mixin=None, verb_parser=<colcon_mixin.mixin.mixin_argument.MixinArgumentDecorator object at 0x7c3a303ad8e0>, verb_extension=<colcon_core.verb.build.BuildVerb object at 0x7c3a304d9940>, main=<bound method BuildVerb.main of <colcon_core.verb.build.BuildVerb object at 0x7c3a304d9940>>, mixin_verb=('build',))
[0.254s] Level 1:colcon.colcon_core.package_discovery:discover_packages(colcon_meta) check parameters
[0.254s] Level 1:colcon.colcon_core.package_discovery:discover_packages(recursive) check parameters
[0.254s] Level 1:colcon.colcon_core.package_discovery:discover_packages(ignore) check parameters
[0.254s] Level 1:colcon.colcon_core.package_discovery:discover_packages(path) check parameters
[0.254s] Level 1:colcon.colcon_core.package_discovery:discover_packages(colcon_meta) discover
[0.254s] Level 1:colcon.colcon_core.package_discovery:discover_packages(recursive) discover
[0.254s] INFO:colcon.colcon_core.package_discovery:Crawling recursively for packages in '/home/tracy/Quadruped-Robot/quadruped_smc_ros2'
[0.254s] Level 1:colcon.colcon_core.package_identification:_identify(.) by extensions ['ignore', 'ignore_ament_install']
[0.254s] Level 1:colcon.colcon_core.package_identification:_identify(.) by extension 'ignore'
[0.255s] Level 1:colcon.colcon_core.package_identification:_identify(.) by extension 'ignore_ament_install'
[0.255s] Level 1:colcon.colcon_core.package_identification:_identify(.) by extensions ['colcon_pkg']
[0.255s] Level 1:colcon.colcon_core.package_identification:_identify(.) by extension 'colcon_pkg'
[0.255s] Level 1:colcon.colcon_core.package_identification:_identify(.) by extensions ['colcon_meta']
[0.255s] Level 1:colcon.colcon_core.package_identification:_identify(.) by extension 'colcon_meta'
[0.255s] Level 1:colcon.colcon_core.package_identification:_identify(.) by extensions ['ros']
[0.255s] Level 1:colcon.colcon_core.package_identification:_identify(.) by extension 'ros'
[0.281s] DEBUG:colcon.colcon_core.package_identification:Package '.' with type 'ros.ament_cmake' and name 'quadruped_smc_ros2'
[0.282s] Level 1:colcon.colcon_core.package_discovery:discover_packages(recursive) using defaults
[0.282s] Level 1:colcon.colcon_core.package_discovery:discover_packages(ignore) discover
[0.282s] Level 1:colcon.colcon_core.package_discovery:discover_packages(ignore) using defaults
[0.282s] Level 1:colcon.colcon_core.package_discovery:discover_packages(path) discover
[0.282s] Level 1:colcon.colcon_core.package_discovery:discover_packages(path) using defaults
[0.304s] Level 1:colcon.colcon_core.package_discovery:discover_packages(prefix_path) check parameters
[0.304s] Level 1:colcon.colcon_core.package_discovery:discover_packages(prefix_path) discover
[0.309s] DEBUG:colcon.colcon_installed_package_information.package_discovery:Found 1 installed packages in /home/tracy/Quadruped-Robot/quadruped_smc_ros2/install
[0.310s] DEBUG:colcon.colcon_installed_package_information.package_discovery:Found 7 installed packages in /home/tracy/ros2_ws/install
[0.312s] DEBUG:colcon.colcon_installed_package_information.package_discovery:Found 505 installed packages in /opt/ros/jazzy
[0.314s] Level 1:colcon.colcon_core.package_discovery:discover_packages(prefix_path) using defaults
[0.418s] Level 5:colcon.colcon_core.verb:set package 'quadruped_smc_ros2' build argument 'cmake_args' from command line to 'None'
[0.418s] Level 5:colcon.colcon_core.verb:set package 'quadruped_smc_ros2' build argument 'cmake_target' from command line to 'None'
[0.418s] Level 5:colcon.colcon_core.verb:set package 'quadruped_smc_ros2' build argument 'cmake_target_skip_unavailable' from command line to 'False'
[0.418s] Level 5:colcon.colcon_core.verb:set package 'quadruped_smc_ros2' build argument 'cmake_clean_cache' from command line to 'False'
[0.418s] Level 5:colcon.colcon_core.verb:set package 'quadruped_smc_ros2' build argument 'cmake_clean_first' from command line to 'False'
[0.418s] Level 5:colcon.colcon_core.verb:set package 'quadruped_smc_ros2' build argument 'cmake_force_configure' from command line to 'False'
[0.418s] Level 5:colcon.colcon_core.verb:set package 'quadruped_smc_ros2' build argument 'ament_cmake_args' from command line to 'None'
[0.418s] Level 5:colcon.colcon_core.verb:set package 'quadruped_smc_ros2' build argument 'catkin_cmake_args' from command line to 'None'
[0.418s] Level 5:colcon.colcon_core.verb:set package 'quadruped_smc_ros2' build argument 'catkin_skip_building_tests' from command line to 'False'
[0.418s] DEBUG:colcon.colcon_core.verb:Building package 'quadruped_smc_ros2' with the following arguments: {'ament_cmake_args': None, 'build_base': '/home/tracy/Quadruped-Robot/quadruped_smc_ros2/build/quadruped_smc_ros2', 'catkin_cmake_args': None, 'catkin_skip_building_tests': False, 'cmake_args': None, 'cmake_clean_cache': False, 'cmake_clean_first': False, 'cmake_force_configure': False, 'cmake_target': None, 'cmake_target_skip_unavailable': False, 'install_base': '/home/tracy/Quadruped-Robot/quadruped_smc_ros2/install/quadruped_smc_ros2', 'merge_install': False, 'path': '/home/tracy/Quadruped-Robot/quadruped_smc_ros2', 'symlink_install': False, 'test_result_base': None}
[0.419s] INFO:colcon.colcon_core.executor:Executing jobs using 'parallel' executor
[0.419s] DEBUG:colcon.colcon_parallel_executor.executor.parallel:run_until_complete
[0.420s] INFO:colcon.colcon_ros.task.ament_cmake.build:Building ROS package in '/home/tracy/Quadruped-Robot/quadruped_smc_ros2' with build type 'ament_cmake'
[0.420s] INFO:colcon.colcon_cmake.task.cmake.build:Building CMake package in '/home/tracy/Quadruped-Robot/quadruped_smc_ros2'
[0.424s] INFO:colcon.colcon_core.plugin_system:Skipping extension 'colcon_core.shell.bat': Not used on non-Windows systems
[0.424s] INFO:colcon.colcon_core.shell:Skip shell extension 'powershell' for command environment: Not usable outside of PowerShell
[0.424s] DEBUG:colcon.colcon_core.shell:Skip shell extension 'dsv' for command environment
[0.435s] DEBUG:colcon.colcon_core.event_handler.log_command:Invoking command in '/home/tracy/Quadruped-Robot/quadruped_smc_ros2/build/quadruped_smc_ros2': CMAKE_PREFIX_PATH=${CMAKE_PREFIX_PATH}:/opt/ros/jazzy DEBUGINFOD_URLS=https://debuginfod.ubuntu.com /usr/bin/cmake --build /home/tracy/Quadruped-Robot/quadruped_smc_ros2/build/quadruped_smc_ros2 -- -j16 -l16
[0.579s] DEBUG:colcon.colcon_core.event_handler.log_command:Invoked command in '/home/tracy/Quadruped-Robot/quadruped_smc_ros2/build/quadruped_smc_ros2' returned '0': CMAKE_PREFIX_PATH=${CMAKE_PREFIX_PATH}:/opt/ros/jazzy DEBUGINFOD_URLS=https://debuginfod.ubuntu.com /usr/bin/cmake --build /home/tracy/Quadruped-Robot/quadruped_smc_ros2/build/quadruped_smc_ros2 -- -j16 -l16
[0.591s] DEBUG:colcon.colcon_core.event_handler.log_command:Invoking command in '/home/tracy/Quadruped-Robot/quadruped_smc_ros2/build/quadruped_smc_ros2': CMAKE_PREFIX_PATH=${CMAKE_PREFIX_PATH}:/opt/ros/jazzy DEBUGINFOD_URLS=https://debuginfod.ubuntu.com /usr/bin/cmake --install /home/tracy/Quadruped-Robot/quadruped_smc_ros2/build/quadruped_smc_ros2
[0.611s] Level 1:colcon.colcon_core.environment:create_environment_scripts_only(quadruped_smc_ros2)
[0.614s] DEBUG:colcon.colcon_core.event_handler.log_command:Invoked command in '/home/tracy/Quadruped-Robot/quadruped_smc_ros2/build/quadruped_smc_ros2' returned '0': CMAKE_PREFIX_PATH=${CMAKE_PREFIX_PATH}:/opt/ros/jazzy DEBUGINFOD_URLS=https://debuginfod.ubuntu.com /usr/bin/cmake --install /home/tracy/Quadruped-Robot/quadruped_smc_ros2/build/quadruped_smc_ros2
[0.617s] Level 1:colcon.colcon_core.environment:checking '/home/tracy/Quadruped-Robot/quadruped_smc_ros2/install/quadruped_smc_ros2' for CMake module files
[0.617s] Level 1:colcon.colcon_core.environment:checking '/home/tracy/Quadruped-Robot/quadruped_smc_ros2/install/quadruped_smc_ros2' for CMake config files
[0.618s] Level 1:colcon.colcon_core.shell:create_environment_hook('quadruped_smc_ros2', 'cmake_prefix_path')
[0.618s] INFO:colcon.colcon_core.shell:Creating environment hook '/home/tracy/Quadruped-Robot/quadruped_smc_ros2/install/quadruped_smc_ros2/share/quadruped_smc_ros2/hook/cmake_prefix_path.ps1'
[0.618s] INFO:colcon.colcon_core.shell:Creating environment descriptor '/home/tracy/Quadruped-Robot/quadruped_smc_ros2/install/quadruped_smc_ros2/share/quadruped_smc_ros2/hook/cmake_prefix_path.dsv'
[0.619s] INFO:colcon.colcon_core.shell:Creating environment hook '/home/tracy/Quadruped-Robot/quadruped_smc_ros2/install/quadruped_smc_ros2/share/quadruped_smc_ros2/hook/cmake_prefix_path.sh'
[0.620s] Level 1:colcon.colcon_core.environment:checking '/home/tracy/Quadruped-Robot/quadruped_smc_ros2/install/quadruped_smc_ros2/lib'
[0.620s] Level 1:colcon.colcon_core.shell:create_environment_hook('quadruped_smc_ros2', 'ld_library_path_lib')
[0.620s] INFO:colcon.colcon_core.shell:Creating environment hook '/home/tracy/Quadruped-Robot/quadruped_smc_ros2/install/quadruped_smc_ros2/share/quadruped_smc_ros2/hook/ld_library_path_lib.ps1'
[0.620s] INFO:colcon.colcon_core.shell:Creating environment descriptor '/home/tracy/Quadruped-Robot/quadruped_smc_ros2/install/quadruped_smc_ros2/share/quadruped_smc_ros2/hook/ld_library_path_lib.dsv'
[0.621s] INFO:colcon.colcon_core.shell:Creating environment hook '/home/tracy/Quadruped-Robot/quadruped_smc_ros2/install/quadruped_smc_ros2/share/quadruped_smc_ros2/hook/ld_library_path_lib.sh'
[0.621s] Level 1:colcon.colcon_core.environment:checking '/home/tracy/Quadruped-Robot/quadruped_smc_ros2/install/quadruped_smc_ros2/bin'
[0.621s] Level 1:colcon.colcon_core.environment:checking '/home/tracy/Quadruped-Robot/quadruped_smc_ros2/install/quadruped_smc_ros2/lib/pkgconfig/quadruped_smc_ros2.pc'
[0.621s] Level 1:colcon.colcon_core.environment:checking '/home/tracy/Quadruped-Robot/quadruped_smc_ros2/install/quadruped_smc_ros2/lib/python3.12/site-packages'
[0.622s] Level 1:colcon.colcon_core.environment:checking '/home/tracy/Quadruped-Robot/quadruped_smc_ros2/install/quadruped_smc_ros2/bin'
[0.622s] INFO:colcon.colcon_core.shell:Creating package script '/home/tracy/Quadruped-Robot/quadruped_smc_ros2/install/quadruped_smc_ros2/share/quadruped_smc_ros2/package.ps1'
[0.623s] INFO:colcon.colcon_core.shell:Creating package descriptor '/home/tracy/Quadruped-Robot/quadruped_smc_ros2/install/quadruped_smc_ros2/share/quadruped_smc_ros2/package.dsv'
[0.623s] INFO:colcon.colcon_core.shell:Creating package script '/home/tracy/Quadruped-Robot/quadruped_smc_ros2/install/quadruped_smc_ros2/share/quadruped_smc_ros2/package.sh'
[0.624s] INFO:colcon.colcon_core.shell:Creating package script '/home/tracy/Quadruped-Robot/quadruped_smc_ros2/install/quadruped_smc_ros2/share/quadruped_smc_ros2/package.bash'
[0.625s] INFO:colcon.colcon_core.shell:Creating package script '/home/tracy/Quadruped-Robot/quadruped_smc_ros2/install/quadruped_smc_ros2/share/quadruped_smc_ros2/package.zsh'
[0.625s] Level 1:colcon.colcon_core.environment:create_file_with_runtime_dependencies(/home/tracy/Quadruped-Robot/quadruped_smc_ros2/install/quadruped_smc_ros2/share/colcon-core/packages/quadruped_smc_ros2)
[0.626s] Level 1:colcon.colcon_core.environment:create_environment_scripts_only(quadruped_smc_ros2)
[0.626s] Level 1:colcon.colcon_core.environment:checking '/home/tracy/Quadruped-Robot/quadruped_smc_ros2/install/quadruped_smc_ros2' for CMake module files
[0.627s] Level 1:colcon.colcon_core.environment:checking '/home/tracy/Quadruped-Robot/quadruped_smc_ros2/install/quadruped_smc_ros2' for CMake config files
[0.627s] Level 1:colcon.colcon_core.shell:create_environment_hook('quadruped_smc_ros2', 'cmake_prefix_path')
[0.627s] INFO:colcon.colcon_core.shell:Creating environment hook '/home/tracy/Quadruped-Robot/quadruped_smc_ros2/install/quadruped_smc_ros2/share/quadruped_smc_ros2/hook/cmake_prefix_path.ps1'
[0.627s] INFO:colcon.colcon_core.shell:Creating environment descriptor '/home/tracy/Quadruped-Robot/quadruped_smc_ros2/install/quadruped_smc_ros2/share/quadruped_smc_ros2/hook/cmake_prefix_path.dsv'
[0.628s] INFO:colcon.colcon_core.shell:Creating environment hook '/home/tracy/Quadruped-Robot/quadruped_smc_ros2/install/quadruped_smc_ros2/share/quadruped_smc_ros2/hook/cmake_prefix_path.sh'
[0.628s] Level 1:colcon.colcon_core.environment:checking '/home/tracy/Quadruped-Robot/quadruped_smc_ros2/install/quadruped_smc_ros2/lib'
[0.628s] Level 1:colcon.colcon_core.shell:create_environment_hook('quadruped_smc_ros2', 'ld_library_path_lib')
[0.628s] INFO:colcon.colcon_core.shell:Creating environment hook '/home/tracy/Quadruped-Robot/quadruped_smc_ros2/install/quadruped_smc_ros2/share/quadruped_smc_ros2/hook/ld_library_path_lib.ps1'
[0.629s] INFO:colcon.colcon_core.shell:Creating environment descriptor '/home/tracy/Quadruped-Robot/quadruped_smc_ros2/install/quadruped_smc_ros2/share/quadruped_smc_ros2/hook/ld_library_path_lib.dsv'
[0.629s] INFO:colcon.colcon_core.shell:Creating environment hook '/home/tracy/Quadruped-Robot/quadruped_smc_ros2/install/quadruped_smc_ros2/share/quadruped_smc_ros2/hook/ld_library_path_lib.sh'
[0.629s] Level 1:colcon.colcon_core.environment:checking '/home/tracy/Quadruped-Robot/quadruped_smc_ros2/install/quadruped_smc_ros2/bin'
[0.629s] Level 1:colcon.colcon_core.environment:checking '/home/tracy/Quadruped-Robot/quadruped_smc_ros2/install/quadruped_smc_ros2/lib/pkgconfig/quadruped_smc_ros2.pc'
[0.630s] Level 1:colcon.colcon_core.environment:checking '/home/tracy/Quadruped-Robot/quadruped_smc_ros2/install/quadruped_smc_ros2/lib/python3.12/site-packages'
[0.630s] Level 1:colcon.colcon_core.environment:checking '/home/tracy/Quadruped-Robot/quadruped_smc_ros2/install/quadruped_smc_ros2/bin'
[0.630s] INFO:colcon.colcon_core.shell:Creating package script '/home/tracy/Quadruped-Robot/quadruped_smc_ros2/install/quadruped_smc_ros2/share/quadruped_smc_ros2/package.ps1'
[0.630s] INFO:colcon.colcon_core.shell:Creating package descriptor '/home/tracy/Quadruped-Robot/quadruped_smc_ros2/install/quadruped_smc_ros2/share/quadruped_smc_ros2/package.dsv'
[0.631s] INFO:colcon.colcon_core.shell:Creating package script '/home/tracy/Quadruped-Robot/quadruped_smc_ros2/install/quadruped_smc_ros2/share/quadruped_smc_ros2/package.sh'
[0.631s] INFO:colcon.colcon_core.shell:Creating package script '/home/tracy/Quadruped-Robot/quadruped_smc_ros2/install/quadruped_smc_ros2/share/quadruped_smc_ros2/package.bash'
[0.631s] INFO:colcon.colcon_core.shell:Creating package script '/home/tracy/Quadruped-Robot/quadruped_smc_ros2/install/quadruped_smc_ros2/share/quadruped_smc_ros2/package.zsh'
[0.632s] Level 1:colcon.colcon_core.environment:create_file_with_runtime_dependencies(/home/tracy/Quadruped-Robot/quadruped_smc_ros2/install/quadruped_smc_ros2/share/colcon-core/packages/quadruped_smc_ros2)
[0.632s] DEBUG:colcon.colcon_parallel_executor.executor.parallel:closing loop
[0.632s] DEBUG:colcon.colcon_parallel_executor.executor.parallel:loop closed
[0.632s] DEBUG:colcon.colcon_parallel_executor.executor.parallel:run_until_complete finished with '0'
[0.632s] DEBUG:colcon.colcon_core.event_reactor:joining thread
[0.642s] INFO:colcon.colcon_core.plugin_system:Skipping extension 'colcon_notification.desktop_notification.terminal_notifier': Not used on non-Darwin systems
[0.642s] INFO:colcon.colcon_core.plugin_system:Skipping extension 'colcon_notification.desktop_notification.win32': Not used on non-Windows systems
[0.642s] INFO:colcon.colcon_notification.desktop_notification:Sending desktop notification using 'notify2'
[0.658s] DEBUG:colcon.colcon_core.event_reactor:joined thread
[0.658s] INFO:colcon.colcon_core.shell:Creating prefix script '/home/tracy/Quadruped-Robot/quadruped_smc_ros2/install/local_setup.ps1'
[0.659s] INFO:colcon.colcon_core.shell:Creating prefix util module '/home/tracy/Quadruped-Robot/quadruped_smc_ros2/install/_local_setup_util_ps1.py'
[0.660s] INFO:colcon.colcon_core.shell:Creating prefix chain script '/home/tracy/Quadruped-Robot/quadruped_smc_ros2/install/setup.ps1'
[0.661s] INFO:colcon.colcon_core.shell:Creating prefix script '/home/tracy/Quadruped-Robot/quadruped_smc_ros2/install/local_setup.sh'
[0.662s] INFO:colcon.colcon_core.shell:Creating prefix util module '/home/tracy/Quadruped-Robot/quadruped_smc_ros2/install/_local_setup_util_sh.py'
[0.662s] INFO:colcon.colcon_core.shell:Creating prefix chain script '/home/tracy/Quadruped-Robot/quadruped_smc_ros2/install/setup.sh'
[0.663s] INFO:colcon.colcon_core.shell:Creating prefix script '/home/tracy/Quadruped-Robot/quadruped_smc_ros2/install/local_setup.bash'
[0.664s] INFO:colcon.colcon_core.shell:Creating prefix chain script '/home/tracy/Quadruped-Robot/quadruped_smc_ros2/install/setup.bash'
[0.665s] INFO:colcon.colcon_core.shell:Creating prefix script '/home/tracy/Quadruped-Robot/quadruped_smc_ros2/install/local_setup.zsh'
[0.666s] INFO:colcon.colcon_core.shell:Creating prefix chain script '/home/tracy/Quadruped-Robot/quadruped_smc_ros2/install/setup.zsh'
