[ 33%] [32mBuilding CXX object CMakeFiles/quadruped_smc_ros2.dir/src/quadruped_driver.cpp.o[0m
[ 50%] Built target gait_keyboard_node
[ 83%] Built target error_monitor_node
[100%] [32m[1mLinking CXX shared library libquadruped_smc_ros2.so[0m
[100%] Built target quadruped_smc_ros2
-- Install configuration: ""
-- Up-to-date: /home/tracy/Quadruped-Robot/quadruped_smc_ros2/install/quadruped_smc_ros2/share/quadruped_smc_ros2/plugin.xml
-- Installing: /home/tracy/Quadruped-Robot/quadruped_smc_ros2/install/quadruped_smc_ros2/lib/libquadruped_smc_ros2.so
-- Set non-toolchain portion of runtime path of "/home/tracy/Quadruped-Robot/quadruped_smc_ros2/install/quadruped_smc_ros2/lib/libquadruped_smc_ros2.so" to ""
-- Up-to-date: /home/tracy/Quadruped-Robot/quadruped_smc_ros2/install/quadruped_smc_ros2/lib/quadruped_smc_ros2/gait_keyboard_node
-- Up-to-date: /home/tracy/Quadruped-Robot/quadruped_smc_ros2/install/quadruped_smc_ros2/lib/quadruped_smc_ros2/error_monitor_node
-- Up-to-date: /home/tracy/Quadruped-Robot/quadruped_smc_ros2/install/quadruped_smc_ros2/include
-- Up-to-date: /home/tracy/Quadruped-Robot/quadruped_smc_ros2/install/quadruped_smc_ros2/include/quadruped_smc_ros2
-- Up-to-date: /home/tracy/Quadruped-Robot/quadruped_smc_ros2/install/quadruped_smc_ros2/include/quadruped_smc_ros2/LegController2.hpp
-- Up-to-date: /home/tracy/Quadruped-Robot/quadruped_smc_ros2/install/quadruped_smc_ros2/include/quadruped_smc_ros2/quadruped_driver.hpp
-- Up-to-date: /home/tracy/Quadruped-Robot/quadruped_smc_ros2/install/quadruped_smc_ros2/include/quadruped_smc_ros2/GaitPlanner.hpp
-- Up-to-date: /home/tracy/Quadruped-Robot/quadruped_smc_ros2/install/quadruped_smc_ros2/share/quadruped_smc_ros2//launch
-- Up-to-date: /home/tracy/Quadruped-Robot/quadruped_smc_ros2/install/quadruped_smc_ros2/share/quadruped_smc_ros2//launch/robot_launch.py
-- Up-to-date: /home/tracy/Quadruped-Robot/quadruped_smc_ros2/install/quadruped_smc_ros2/share/quadruped_smc_ros2//config
-- Up-to-date: /home/tracy/Quadruped-Robot/quadruped_smc_ros2/install/quadruped_smc_ros2/share/quadruped_smc_ros2//config/smc_params.yaml
-- Up-to-date: /home/tracy/Quadruped-Robot/quadruped_smc_ros2/install/quadruped_smc_ros2/share/quadruped_smc_ros2//urdf
-- Up-to-date: /home/tracy/Quadruped-Robot/quadruped_smc_ros2/install/quadruped_smc_ros2/share/quadruped_smc_ros2//urdf/robot_description.urdf
-- Up-to-date: /home/tracy/Quadruped-Robot/quadruped_smc_ros2/install/quadruped_smc_ros2/share/quadruped_smc_ros2//resource
-- Up-to-date: /home/tracy/Quadruped-Robot/quadruped_smc_ros2/install/quadruped_smc_ros2/share/quadruped_smc_ros2//resource/robot_8dof.wbt
-- Up-to-date: /home/tracy/Quadruped-Robot/quadruped_smc_ros2/install/quadruped_smc_ros2/share/quadruped_smc_ros2//resource/.robot_8dof.wbproj
-- Up-to-date: /home/tracy/Quadruped-Robot/quadruped_smc_ros2/install/quadruped_smc_ros2/share/quadruped_smc_ros2/plugin.xml
-- Up-to-date: /home/tracy/Quadruped-Robot/quadruped_smc_ros2/install/quadruped_smc_ros2/share/ament_index/resource_index/package_run_dependencies/quadruped_smc_ros2
-- Up-to-date: /home/tracy/Quadruped-Robot/quadruped_smc_ros2/install/quadruped_smc_ros2/share/ament_index/resource_index/parent_prefix_path/quadruped_smc_ros2
-- Up-to-date: /home/tracy/Quadruped-Robot/quadruped_smc_ros2/install/quadruped_smc_ros2/share/quadruped_smc_ros2/environment/ament_prefix_path.sh
-- Up-to-date: /home/tracy/Quadruped-Robot/quadruped_smc_ros2/install/quadruped_smc_ros2/share/quadruped_smc_ros2/environment/ament_prefix_path.dsv
-- Up-to-date: /home/tracy/Quadruped-Robot/quadruped_smc_ros2/install/quadruped_smc_ros2/share/quadruped_smc_ros2/environment/path.sh
-- Up-to-date: /home/tracy/Quadruped-Robot/quadruped_smc_ros2/install/quadruped_smc_ros2/share/quadruped_smc_ros2/environment/path.dsv
-- Up-to-date: /home/tracy/Quadruped-Robot/quadruped_smc_ros2/install/quadruped_smc_ros2/share/quadruped_smc_ros2/local_setup.bash
-- Up-to-date: /home/tracy/Quadruped-Robot/quadruped_smc_ros2/install/quadruped_smc_ros2/share/quadruped_smc_ros2/local_setup.sh
-- Up-to-date: /home/tracy/Quadruped-Robot/quadruped_smc_ros2/install/quadruped_smc_ros2/share/quadruped_smc_ros2/local_setup.zsh
-- Up-to-date: /home/tracy/Quadruped-Robot/quadruped_smc_ros2/install/quadruped_smc_ros2/share/quadruped_smc_ros2/local_setup.dsv
-- Installing: /home/tracy/Quadruped-Robot/quadruped_smc_ros2/install/quadruped_smc_ros2/share/quadruped_smc_ros2/package.dsv
-- Up-to-date: /home/tracy/Quadruped-Robot/quadruped_smc_ros2/install/quadruped_smc_ros2/share/ament_index/resource_index/packages/quadruped_smc_ros2
-- Up-to-date: /home/tracy/Quadruped-Robot/quadruped_smc_ros2/install/quadruped_smc_ros2/share/ament_index/resource_index/webots_ros2_driver__pluginlib__plugin/quadruped_smc_ros2
-- Up-to-date: /home/tracy/Quadruped-Robot/quadruped_smc_ros2/install/quadruped_smc_ros2/share/quadruped_smc_ros2/cmake/quadruped_smc_ros2Config.cmake
-- Up-to-date: /home/tracy/Quadruped-Robot/quadruped_smc_ros2/install/quadruped_smc_ros2/share/quadruped_smc_ros2/cmake/quadruped_smc_ros2Config-version.cmake
-- Up-to-date: /home/tracy/Quadruped-Robot/quadruped_smc_ros2/install/quadruped_smc_ros2/share/quadruped_smc_ros2/package.xml
