[0.014s] Invoking command in '/home/tracy/Quadruped-Robot/quadruped_smc_ros2/build/quadruped_smc_ros2': CMAKE_PREFIX_PATH=${CMAKE_PREFIX_PATH}:/opt/ros/jazzy DEBUGINFOD_URLS=https://debuginfod.ubuntu.com /usr/bin/cmake --build /home/tracy/Quadruped-Robot/quadruped_smc_ros2/build/quadruped_smc_ros2 -- -j16 -l16
[0.148s] [ 25%] [32mBuilding CXX object CMakeFiles/gait_keyboard_node.dir/src/gait_keyboard_node.cpp.o[0m
[0.155s] [ 75%] Built target quadruped_smc_ros2
[4.538s] [100%] [32m[1mLinking CXX executable gait_keyboard_node[0m
[4.678s] [100%] Built target gait_keyboard_node
[4.689s] Invoked command in '/home/tracy/Quadruped-Robot/quadruped_smc_ros2/build/quadruped_smc_ros2' returned '0': CMAKE_PREFIX_PATH=${CMAKE_PREFIX_PATH}:/opt/ros/jazzy DEBUGINFOD_URLS=https://debuginfod.ubuntu.com /usr/bin/cmake --build /home/tracy/Quadruped-Robot/quadruped_smc_ros2/build/quadruped_smc_ros2 -- -j16 -l16
[4.701s] Invoking command in '/home/tracy/Quadruped-Robot/quadruped_smc_ros2/build/quadruped_smc_ros2': CMAKE_PREFIX_PATH=${CMAKE_PREFIX_PATH}:/opt/ros/jazzy DEBUGINFOD_URLS=https://debuginfod.ubuntu.com /usr/bin/cmake --install /home/tracy/Quadruped-Robot/quadruped_smc_ros2/build/quadruped_smc_ros2
[4.720s] -- Install configuration: ""
[4.720s] -- Up-to-date: /home/tracy/Quadruped-Robot/quadruped_smc_ros2/install/quadruped_smc_ros2/share/quadruped_smc_ros2/plugin.xml
[4.721s] -- Up-to-date: /home/tracy/Quadruped-Robot/quadruped_smc_ros2/install/quadruped_smc_ros2/lib/libquadruped_smc_ros2.so
[4.721s] -- Installing: /home/tracy/Quadruped-Robot/quadruped_smc_ros2/install/quadruped_smc_ros2/lib/quadruped_smc_ros2/gait_keyboard_node
[4.721s] -- Set non-toolchain portion of runtime path of "/home/tracy/Quadruped-Robot/quadruped_smc_ros2/install/quadruped_smc_ros2/lib/quadruped_smc_ros2/gait_keyboard_node" to ""
[4.721s] -- Up-to-date: /home/tracy/Quadruped-Robot/quadruped_smc_ros2/install/quadruped_smc_ros2/include
[4.721s] -- Up-to-date: /home/tracy/Quadruped-Robot/quadruped_smc_ros2/install/quadruped_smc_ros2/include/quadruped_smc_ros2
[4.721s] -- Up-to-date: /home/tracy/Quadruped-Robot/quadruped_smc_ros2/install/quadruped_smc_ros2/include/quadruped_smc_ros2/LegController2.hpp
[4.721s] -- Up-to-date: /home/tracy/Quadruped-Robot/quadruped_smc_ros2/install/quadruped_smc_ros2/include/quadruped_smc_ros2/quadruped_driver.hpp
[4.722s] -- Up-to-date: /home/tracy/Quadruped-Robot/quadruped_smc_ros2/install/quadruped_smc_ros2/include/quadruped_smc_ros2/GaitPlanner.hpp
[4.722s] -- Up-to-date: /home/tracy/Quadruped-Robot/quadruped_smc_ros2/install/quadruped_smc_ros2/share/quadruped_smc_ros2//launch
[4.722s] -- Up-to-date: /home/tracy/Quadruped-Robot/quadruped_smc_ros2/install/quadruped_smc_ros2/share/quadruped_smc_ros2//launch/robot_launch.py
[4.722s] -- Up-to-date: /home/tracy/Quadruped-Robot/quadruped_smc_ros2/install/quadruped_smc_ros2/share/quadruped_smc_ros2//launch/sequence_launch.py
[4.722s] -- Up-to-date: /home/tracy/Quadruped-Robot/quadruped_smc_ros2/install/quadruped_smc_ros2/share/quadruped_smc_ros2//config
[4.722s] -- Up-to-date: /home/tracy/Quadruped-Robot/quadruped_smc_ros2/install/quadruped_smc_ros2/share/quadruped_smc_ros2//config/smc_params.yaml
[4.722s] -- Up-to-date: /home/tracy/Quadruped-Robot/quadruped_smc_ros2/install/quadruped_smc_ros2/share/quadruped_smc_ros2//urdf
[4.723s] -- Up-to-date: /home/tracy/Quadruped-Robot/quadruped_smc_ros2/install/quadruped_smc_ros2/share/quadruped_smc_ros2//urdf/robot_description.urdf
[4.723s] -- Up-to-date: /home/tracy/Quadruped-Robot/quadruped_smc_ros2/install/quadruped_smc_ros2/share/quadruped_smc_ros2//resource
[4.723s] -- Up-to-date: /home/tracy/Quadruped-Robot/quadruped_smc_ros2/install/quadruped_smc_ros2/share/quadruped_smc_ros2//resource/robot_8dof.wbt
[4.723s] -- Up-to-date: /home/tracy/Quadruped-Robot/quadruped_smc_ros2/install/quadruped_smc_ros2/share/quadruped_smc_ros2//resource/.robot_8dof.wbproj
[4.723s] -- Up-to-date: /home/tracy/Quadruped-Robot/quadruped_smc_ros2/install/quadruped_smc_ros2/share/quadruped_smc_ros2/plugin.xml
[4.723s] -- Up-to-date: /home/tracy/Quadruped-Robot/quadruped_smc_ros2/install/quadruped_smc_ros2/share/ament_index/resource_index/package_run_dependencies/quadruped_smc_ros2
[4.723s] -- Up-to-date: /home/tracy/Quadruped-Robot/quadruped_smc_ros2/install/quadruped_smc_ros2/share/ament_index/resource_index/parent_prefix_path/quadruped_smc_ros2
[4.723s] -- Up-to-date: /home/tracy/Quadruped-Robot/quadruped_smc_ros2/install/quadruped_smc_ros2/share/quadruped_smc_ros2/environment/ament_prefix_path.sh
[4.724s] -- Up-to-date: /home/tracy/Quadruped-Robot/quadruped_smc_ros2/install/quadruped_smc_ros2/share/quadruped_smc_ros2/environment/ament_prefix_path.dsv
[4.724s] -- Up-to-date: /home/tracy/Quadruped-Robot/quadruped_smc_ros2/install/quadruped_smc_ros2/share/quadruped_smc_ros2/environment/path.sh
[4.724s] -- Up-to-date: /home/tracy/Quadruped-Robot/quadruped_smc_ros2/install/quadruped_smc_ros2/share/quadruped_smc_ros2/environment/path.dsv
[4.724s] -- Up-to-date: /home/tracy/Quadruped-Robot/quadruped_smc_ros2/install/quadruped_smc_ros2/share/quadruped_smc_ros2/local_setup.bash
[4.724s] -- Up-to-date: /home/tracy/Quadruped-Robot/quadruped_smc_ros2/install/quadruped_smc_ros2/share/quadruped_smc_ros2/local_setup.sh
[4.724s] -- Up-to-date: /home/tracy/Quadruped-Robot/quadruped_smc_ros2/install/quadruped_smc_ros2/share/quadruped_smc_ros2/local_setup.zsh
[4.724s] -- Up-to-date: /home/tracy/Quadruped-Robot/quadruped_smc_ros2/install/quadruped_smc_ros2/share/quadruped_smc_ros2/local_setup.dsv
[4.724s] -- Installing: /home/tracy/Quadruped-Robot/quadruped_smc_ros2/install/quadruped_smc_ros2/share/quadruped_smc_ros2/package.dsv
[4.724s] -- Up-to-date: /home/tracy/Quadruped-Robot/quadruped_smc_ros2/install/quadruped_smc_ros2/share/ament_index/resource_index/packages/quadruped_smc_ros2
[4.725s] -- Up-to-date: /home/tracy/Quadruped-Robot/quadruped_smc_ros2/install/quadruped_smc_ros2/share/ament_index/resource_index/webots_ros2_driver__pluginlib__plugin/quadruped_smc_ros2
[4.725s] -- Up-to-date: /home/tracy/Quadruped-Robot/quadruped_smc_ros2/install/quadruped_smc_ros2/share/quadruped_smc_ros2/cmake/quadruped_smc_ros2Config.cmake
[4.725s] -- Up-to-date: /home/tracy/Quadruped-Robot/quadruped_smc_ros2/install/quadruped_smc_ros2/share/quadruped_smc_ros2/cmake/quadruped_smc_ros2Config-version.cmake
[4.725s] -- Up-to-date: /home/tracy/Quadruped-Robot/quadruped_smc_ros2/install/quadruped_smc_ros2/share/quadruped_smc_ros2/package.xml
[4.725s] Invoked command in '/home/tracy/Quadruped-Robot/quadruped_smc_ros2/build/quadruped_smc_ros2' returned '0': CMAKE_PREFIX_PATH=${CMAKE_PREFIX_PATH}:/opt/ros/jazzy DEBUGINFOD_URLS=https://debuginfod.ubuntu.com /usr/bin/cmake --install /home/tracy/Quadruped-Robot/quadruped_smc_ros2/build/quadruped_smc_ros2
