[ 14%] [32mBuilding CXX object CMakeFiles/gait_keyboard_node.dir/src/gait_keyboard_node.cpp.o[0m
[ 28%] [32mBuilding CXX object CMakeFiles/quadruped_smc_ros2.dir/src/quadruped_driver.cpp.o[0m
[01m[K/home/tracy/Quadruped-Robot/quadruped_smc_ros2/src/gait_keyboard_node.cpp:[m[K In function ‘[01m[Kchar[01;32m[K getKeyNonBlocking[m[K()[m[K’:
[01m[K/home/tracy/Quadruped-Robot/quadruped_smc_ros2/src/gait_keyboard_node.cpp:33:9:[m[K [01;35m[Kwarning: [m[Kignoring return value of ‘[01m[Kssize_t[01;32m[K read[m[K(int, void*, size_t)[m[K’ declared with attribute ‘[01m[Kwarn_unused_result[m[K’ [[01;35m[K]8;;https://gcc.gnu.org/onlinedocs/gcc/Warning-Options.html#index-Wunused-result-Wunused-result]8;;[m[K]
   33 |     [01;35m[Kread(STDIN_FILENO, &ch, 1)[m[K;
      |     [01;35m[K~~~~^~~~~~~~~~~~~~~~~~~~~~[m[K
[ 42%] [32m[1mLinking CXX executable gait_keyboard_node[0m
[ 42%] Built target gait_keyboard_node
[ 57%] [32m[1mLinking CXX shared library libquadruped_smc_ros2.so[0m
[100%] Built target quadruped_smc_ros2
-- Install configuration: ""
-- Installing: /home/tracy/Quadruped-Robot/quadruped_smc_ros2/install/quadruped_smc_ros2/share/quadruped_smc_ros2/plugin.xml
-- Installing: /home/tracy/Quadruped-Robot/quadruped_smc_ros2/install/quadruped_smc_ros2/lib/libquadruped_smc_ros2.so
-- Set non-toolchain portion of runtime path of "/home/tracy/Quadruped-Robot/quadruped_smc_ros2/install/quadruped_smc_ros2/lib/libquadruped_smc_ros2.so" to ""
-- Installing: /home/tracy/Quadruped-Robot/quadruped_smc_ros2/install/quadruped_smc_ros2/lib/quadruped_smc_ros2/gait_keyboard_node
-- Set non-toolchain portion of runtime path of "/home/tracy/Quadruped-Robot/quadruped_smc_ros2/install/quadruped_smc_ros2/lib/quadruped_smc_ros2/gait_keyboard_node" to ""
-- Installing: /home/tracy/Quadruped-Robot/quadruped_smc_ros2/install/quadruped_smc_ros2/include
-- Installing: /home/tracy/Quadruped-Robot/quadruped_smc_ros2/install/quadruped_smc_ros2/include/quadruped_smc_ros2
-- Installing: /home/tracy/Quadruped-Robot/quadruped_smc_ros2/install/quadruped_smc_ros2/include/quadruped_smc_ros2/rtwtypes.h
-- Installing: /home/tracy/Quadruped-Robot/quadruped_smc_ros2/install/quadruped_smc_ros2/include/quadruped_smc_ros2/SMC_controller.h
-- Installing: /home/tracy/Quadruped-Robot/quadruped_smc_ros2/install/quadruped_smc_ros2/include/quadruped_smc_ros2/LegController2.hpp
-- Installing: /home/tracy/Quadruped-Robot/quadruped_smc_ros2/install/quadruped_smc_ros2/include/quadruped_smc_ros2/quadruped_driver.hpp
-- Installing: /home/tracy/Quadruped-Robot/quadruped_smc_ros2/install/quadruped_smc_ros2/include/quadruped_smc_ros2/GaitPlanner.hpp
-- Installing: /home/tracy/Quadruped-Robot/quadruped_smc_ros2/install/quadruped_smc_ros2/include/quadruped_smc_ros2/SMC_controller_terminate.h
-- Installing: /home/tracy/Quadruped-Robot/quadruped_smc_ros2/install/quadruped_smc_ros2/include/quadruped_smc_ros2/SMC_controller_initialize.h
-- Installing: /home/tracy/Quadruped-Robot/quadruped_smc_ros2/install/quadruped_smc_ros2/share/quadruped_smc_ros2//launch
-- Installing: /home/tracy/Quadruped-Robot/quadruped_smc_ros2/install/quadruped_smc_ros2/share/quadruped_smc_ros2//launch/robot_launch.py
-- Installing: /home/tracy/Quadruped-Robot/quadruped_smc_ros2/install/quadruped_smc_ros2/share/quadruped_smc_ros2//launch/sequence_launch.py
-- Installing: /home/tracy/Quadruped-Robot/quadruped_smc_ros2/install/quadruped_smc_ros2/share/quadruped_smc_ros2//config
-- Installing: /home/tracy/Quadruped-Robot/quadruped_smc_ros2/install/quadruped_smc_ros2/share/quadruped_smc_ros2//config/smc_params.yaml
-- Installing: /home/tracy/Quadruped-Robot/quadruped_smc_ros2/install/quadruped_smc_ros2/share/quadruped_smc_ros2//urdf
-- Installing: /home/tracy/Quadruped-Robot/quadruped_smc_ros2/install/quadruped_smc_ros2/share/quadruped_smc_ros2//urdf/robot_description.urdf
-- Installing: /home/tracy/Quadruped-Robot/quadruped_smc_ros2/install/quadruped_smc_ros2/share/quadruped_smc_ros2//resource
-- Installing: /home/tracy/Quadruped-Robot/quadruped_smc_ros2/install/quadruped_smc_ros2/share/quadruped_smc_ros2//resource/robot_8dof.wbt
-- Installing: /home/tracy/Quadruped-Robot/quadruped_smc_ros2/install/quadruped_smc_ros2/share/quadruped_smc_ros2//resource/.robot_8dof.wbproj
-- Up-to-date: /home/tracy/Quadruped-Robot/quadruped_smc_ros2/install/quadruped_smc_ros2/share/quadruped_smc_ros2/plugin.xml
-- Installing: /home/tracy/Quadruped-Robot/quadruped_smc_ros2/install/quadruped_smc_ros2/share/ament_index/resource_index/package_run_dependencies/quadruped_smc_ros2
-- Installing: /home/tracy/Quadruped-Robot/quadruped_smc_ros2/install/quadruped_smc_ros2/share/ament_index/resource_index/parent_prefix_path/quadruped_smc_ros2
-- Installing: /home/tracy/Quadruped-Robot/quadruped_smc_ros2/install/quadruped_smc_ros2/share/quadruped_smc_ros2/environment/ament_prefix_path.sh
-- Installing: /home/tracy/Quadruped-Robot/quadruped_smc_ros2/install/quadruped_smc_ros2/share/quadruped_smc_ros2/environment/ament_prefix_path.dsv
-- Installing: /home/tracy/Quadruped-Robot/quadruped_smc_ros2/install/quadruped_smc_ros2/share/quadruped_smc_ros2/environment/path.sh
-- Installing: /home/tracy/Quadruped-Robot/quadruped_smc_ros2/install/quadruped_smc_ros2/share/quadruped_smc_ros2/environment/path.dsv
-- Installing: /home/tracy/Quadruped-Robot/quadruped_smc_ros2/install/quadruped_smc_ros2/share/quadruped_smc_ros2/local_setup.bash
-- Installing: /home/tracy/Quadruped-Robot/quadruped_smc_ros2/install/quadruped_smc_ros2/share/quadruped_smc_ros2/local_setup.sh
-- Installing: /home/tracy/Quadruped-Robot/quadruped_smc_ros2/install/quadruped_smc_ros2/share/quadruped_smc_ros2/local_setup.zsh
-- Installing: /home/tracy/Quadruped-Robot/quadruped_smc_ros2/install/quadruped_smc_ros2/share/quadruped_smc_ros2/local_setup.dsv
-- Installing: /home/tracy/Quadruped-Robot/quadruped_smc_ros2/install/quadruped_smc_ros2/share/quadruped_smc_ros2/package.dsv
-- Installing: /home/tracy/Quadruped-Robot/quadruped_smc_ros2/install/quadruped_smc_ros2/share/ament_index/resource_index/packages/quadruped_smc_ros2
-- Installing: /home/tracy/Quadruped-Robot/quadruped_smc_ros2/install/quadruped_smc_ros2/share/ament_index/resource_index/webots_ros2_driver__pluginlib__plugin/quadruped_smc_ros2
-- Installing: /home/tracy/Quadruped-Robot/quadruped_smc_ros2/install/quadruped_smc_ros2/share/quadruped_smc_ros2/cmake/quadruped_smc_ros2Config.cmake
-- Installing: /home/tracy/Quadruped-Robot/quadruped_smc_ros2/install/quadruped_smc_ros2/share/quadruped_smc_ros2/cmake/quadruped_smc_ros2Config-version.cmake
-- Installing: /home/tracy/Quadruped-Robot/quadruped_smc_ros2/install/quadruped_smc_ros2/share/quadruped_smc_ros2/package.xml
